SKIPPD
Trainset:	x-(21740, 336, 1, 1)	y-(21740, 1, 1, 1)
Valset:  	x-(2452, 336, 1, 1)  	y-(2452, 1, 1, 1)
Testset:	x-(10512, 336, 1, 1)	y-(10512, 1, 1, 1)
INFO: Using scaled X and Y, only for LTSF!

Random seed = 2026
--------- DLinear ---------
{
    "num_nodes": 1,
    "in_steps": 336,
    "out_steps": 1,
    "lr": 0.0001,
    "weight_decay": 0,
    "milestones": [],
    "lr_decay_rate": 0.1,
    "clip_grad": 0,
    "batch_size": 64,
    "max_epochs": 200,
    "cap": 30.1,
    "dataloader": "ltsf",
    "runner": "ltsf",
    "loss": "mae",
    "model_args": {
        "enc_in": 1,
        "seq_len": 336,
        "pred_len": 1,
        "individual": false
    }
}
==========================================================================================
Layer (type:depth-idx)                   Output Shape              Param #
==========================================================================================
DLinear                                  [64, 1, 1, 1]             --
├─series_decomp: 1-1                     [64, 336, 1]              --
│    └─moving_avg: 2-1                   [64, 336, 1]              --
│    │    └─AvgPool1d: 3-1               [64, 1, 336]              --
├─Linear: 1-2                            [64, 1, 1]                337
├─Linear: 1-3                            [64, 1, 1]                337
==========================================================================================
Total params: 674
Trainable params: 674
Non-trainable params: 0
Total mult-adds (Units.MEGABYTES): 0.04
==========================================================================================
Input size (MB): 0.09
Forward/backward pass size (MB): 0.00
Params size (MB): 0.00
Estimated Total Size (MB): 0.09
==========================================================================================

Loss: L1Loss

Epoch 1 	lr = 0.00010 Train Loss = 0.32391 Val Loss = 0.17344 ACC_MAE = 0.95041 ACC_RMSE = 0.91942
Epoch 2 	lr = 0.00010 Train Loss = 0.21777 Val Loss = 0.14413 ACC_MAE = 0.95870 ACC_RMSE = 0.92820
Epoch 3 	lr = 0.00010 Train Loss = 0.18570 Val Loss = 0.12913 ACC_MAE = 0.96301 ACC_RMSE = 0.93364
Epoch 4 	lr = 0.00010 Train Loss = 0.16609 Val Loss = 0.11774 ACC_MAE = 0.96632 ACC_RMSE = 0.93804
Epoch 5 	lr = 0.00010 Train Loss = 0.15093 Val Loss = 0.10905 ACC_MAE = 0.96885 ACC_RMSE = 0.94154
Epoch 6 	lr = 0.00010 Train Loss = 0.13828 Val Loss = 0.09960 ACC_MAE = 0.97161 ACC_RMSE = 0.94448
Epoch 7 	lr = 0.00010 Train Loss = 0.12803 Val Loss = 0.09162 ACC_MAE = 0.97393 ACC_RMSE = 0.94670
Epoch 8 	lr = 0.00010 Train Loss = 0.11952 Val Loss = 0.08510 ACC_MAE = 0.97583 ACC_RMSE = 0.94824
Epoch 9 	lr = 0.00010 Train Loss = 0.11256 Val Loss = 0.07984 ACC_MAE = 0.97735 ACC_RMSE = 0.94935
Epoch 10 	lr = 0.00010 Train Loss = 0.10711 Val Loss = 0.07566 ACC_MAE = 0.97857 ACC_RMSE = 0.95011
Epoch 11 	lr = 0.00010 Train Loss = 0.10231 Val Loss = 0.07251 ACC_MAE = 0.97948 ACC_RMSE = 0.95058
Epoch 12 	lr = 0.00010 Train Loss = 0.09887 Val Loss = 0.07010 ACC_MAE = 0.98018 ACC_RMSE = 0.95087
Epoch 13 	lr = 0.00010 Train Loss = 0.09534 Val Loss = 0.06741 ACC_MAE = 0.98096 ACC_RMSE = 0.95108
Epoch 14 	lr = 0.00010 Train Loss = 0.09313 Val Loss = 0.06600 ACC_MAE = 0.98137 ACC_RMSE = 0.95120
Epoch 15 	lr = 0.00010 Train Loss = 0.09105 Val Loss = 0.06414 ACC_MAE = 0.98191 ACC_RMSE = 0.95130
Epoch 16 	lr = 0.00010 Train Loss = 0.08882 Val Loss = 0.06288 ACC_MAE = 0.98227 ACC_RMSE = 0.95137
Epoch 17 	lr = 0.00010 Train Loss = 0.08645 Val Loss = 0.06187 ACC_MAE = 0.98256 ACC_RMSE = 0.95144
Epoch 18 	lr = 0.00010 Train Loss = 0.08445 Val Loss = 0.06129 ACC_MAE = 0.98273 ACC_RMSE = 0.95144
Epoch 19 	lr = 0.00010 Train Loss = 0.08431 Val Loss = 0.06027 ACC_MAE = 0.98302 ACC_RMSE = 0.95152
Epoch 20 	lr = 0.00010 Train Loss = 0.08368 Val Loss = 0.06220 ACC_MAE = 0.98247 ACC_RMSE = 0.95147
Epoch 21 	lr = 0.00010 Train Loss = 0.08277 Val Loss = 0.05921 ACC_MAE = 0.98333 ACC_RMSE = 0.95155
Epoch 22 	lr = 0.00010 Train Loss = 0.08239 Val Loss = 0.05855 ACC_MAE = 0.98352 ACC_RMSE = 0.95162
Epoch 23 	lr = 0.00010 Train Loss = 0.08173 Val Loss = 0.05796 ACC_MAE = 0.98369 ACC_RMSE = 0.95161
Epoch 24 	lr = 0.00010 Train Loss = 0.08175 Val Loss = 0.05766 ACC_MAE = 0.98379 ACC_RMSE = 0.95159
Epoch 25 	lr = 0.00010 Train Loss = 0.08023 Val Loss = 0.05731 ACC_MAE = 0.98388 ACC_RMSE = 0.95163
Epoch 26 	lr = 0.00010 Train Loss = 0.08040 Val Loss = 0.05793 ACC_MAE = 0.98371 ACC_RMSE = 0.95156
Epoch 27 	lr = 0.00010 Train Loss = 0.08074 Val Loss = 0.05889 ACC_MAE = 0.98342 ACC_RMSE = 0.95151
Epoch 28 	lr = 0.00010 Train Loss = 0.08044 Val Loss = 0.05798 ACC_MAE = 0.98368 ACC_RMSE = 0.95154
Epoch 29 	lr = 0.00010 Train Loss = 0.08004 Val Loss = 0.05646 ACC_MAE = 0.98413 ACC_RMSE = 0.95160
Epoch 30 	lr = 0.00010 Train Loss = 0.08037 Val Loss = 0.05785 ACC_MAE = 0.98372 ACC_RMSE = 0.95156
Epoch 31 	lr = 0.00010 Train Loss = 0.07907 Val Loss = 0.05650 ACC_MAE = 0.98411 ACC_RMSE = 0.95160
Epoch 32 	lr = 0.00010 Train Loss = 0.07990 Val Loss = 0.05676 ACC_MAE = 0.98404 ACC_RMSE = 0.95154
Epoch 33 	lr = 0.00010 Train Loss = 0.07857 Val Loss = 0.05581 ACC_MAE = 0.98431 ACC_RMSE = 0.95159
Epoch 34 	lr = 0.00010 Train Loss = 0.07941 Val Loss = 0.05672 ACC_MAE = 0.98404 ACC_RMSE = 0.95154
Epoch 35 	lr = 0.00010 Train Loss = 0.07861 Val Loss = 0.05725 ACC_MAE = 0.98389 ACC_RMSE = 0.95157
Epoch 36 	lr = 0.00010 Train Loss = 0.07873 Val Loss = 0.05592 ACC_MAE = 0.98428 ACC_RMSE = 0.95155
Epoch 37 	lr = 0.00010 Train Loss = 0.07867 Val Loss = 0.05563 ACC_MAE = 0.98436 ACC_RMSE = 0.95155
Epoch 38 	lr = 0.00010 Train Loss = 0.07986 Val Loss = 0.05570 ACC_MAE = 0.98435 ACC_RMSE = 0.95151
Epoch 39 	lr = 0.00010 Train Loss = 0.07908 Val Loss = 0.05600 ACC_MAE = 0.98425 ACC_RMSE = 0.95155
Epoch 40 	lr = 0.00010 Train Loss = 0.07886 Val Loss = 0.05496 ACC_MAE = 0.98455 ACC_RMSE = 0.95154
Epoch 41 	lr = 0.00010 Train Loss = 0.07871 Val Loss = 0.05583 ACC_MAE = 0.98431 ACC_RMSE = 0.95149
Epoch 42 	lr = 0.00010 Train Loss = 0.07939 Val Loss = 0.05676 ACC_MAE = 0.98403 ACC_RMSE = 0.95148
Epoch 43 	lr = 0.00010 Train Loss = 0.07842 Val Loss = 0.05537 ACC_MAE = 0.98443 ACC_RMSE = 0.95153
Epoch 44 	lr = 0.00010 Train Loss = 0.07867 Val Loss = 0.05633 ACC_MAE = 0.98416 ACC_RMSE = 0.95145
Epoch 45 	lr = 0.00010 Train Loss = 0.07867 Val Loss = 0.05577 ACC_MAE = 0.98432 ACC_RMSE = 0.95149
Epoch 46 	lr = 0.00010 Train Loss = 0.07824 Val Loss = 0.05722 ACC_MAE = 0.98390 ACC_RMSE = 0.95143
Epoch 47 	lr = 0.00010 Train Loss = 0.07870 Val Loss = 0.05509 ACC_MAE = 0.98452 ACC_RMSE = 0.95149
Epoch 48 	lr = 0.00010 Train Loss = 0.07949 Val Loss = 0.05579 ACC_MAE = 0.98430 ACC_RMSE = 0.95151
Epoch 49 	lr = 0.00010 Train Loss = 0.07822 Val Loss = 0.05538 ACC_MAE = 0.98443 ACC_RMSE = 0.95147
Epoch 50 	lr = 0.00010 Train Loss = 0.07848 Val Loss = 0.05575 ACC_MAE = 0.98433 ACC_RMSE = 0.95148
Epoch 51 	lr = 0.00010 Train Loss = 0.07906 Val Loss = 0.05579 ACC_MAE = 0.98432 ACC_RMSE = 0.95147
Epoch 52 	lr = 0.00010 Train Loss = 0.07885 Val Loss = 0.05514 ACC_MAE = 0.98450 ACC_RMSE = 0.95148
Epoch 53 	lr = 0.00010 Train Loss = 0.07800 Val Loss = 0.05515 ACC_MAE = 0.98450 ACC_RMSE = 0.95149
Epoch 54 	lr = 0.00010 Train Loss = 0.07851 Val Loss = 0.05677 ACC_MAE = 0.98403 ACC_RMSE = 0.95145
Epoch 55 	lr = 0.00010 Train Loss = 0.07811 Val Loss = 0.05589 ACC_MAE = 0.98428 ACC_RMSE = 0.95148
Epoch 56 	lr = 0.00010 Train Loss = 0.07871 Val Loss = 0.05500 ACC_MAE = 0.98454 ACC_RMSE = 0.95151
Epoch 57 	lr = 0.00010 Train Loss = 0.07876 Val Loss = 0.05576 ACC_MAE = 0.98433 ACC_RMSE = 0.95147
Epoch 58 	lr = 0.00010 Train Loss = 0.07793 Val Loss = 0.05488 ACC_MAE = 0.98458 ACC_RMSE = 0.95151
Epoch 59 	lr = 0.00010 Train Loss = 0.07769 Val Loss = 0.05498 ACC_MAE = 0.98455 ACC_RMSE = 0.95151
Epoch 60 	lr = 0.00010 Train Loss = 0.07920 Val Loss = 0.05478 ACC_MAE = 0.98460 ACC_RMSE = 0.95149
Epoch 61 	lr = 0.00010 Train Loss = 0.07868 Val Loss = 0.05494 ACC_MAE = 0.98456 ACC_RMSE = 0.95149
Epoch 62 	lr = 0.00010 Train Loss = 0.07841 Val Loss = 0.05495 ACC_MAE = 0.98456 ACC_RMSE = 0.95151
Epoch 63 	lr = 0.00010 Train Loss = 0.07870 Val Loss = 0.05494 ACC_MAE = 0.98456 ACC_RMSE = 0.95149
Epoch 64 	lr = 0.00010 Train Loss = 0.07872 Val Loss = 0.05512 ACC_MAE = 0.98450 ACC_RMSE = 0.95147
Epoch 65 	lr = 0.00010 Train Loss = 0.07887 Val Loss = 0.05474 ACC_MAE = 0.98462 ACC_RMSE = 0.95152
Epoch 66 	lr = 0.00010 Train Loss = 0.07820 Val Loss = 0.05465 ACC_MAE = 0.98464 ACC_RMSE = 0.95154
Epoch 67 	lr = 0.00010 Train Loss = 0.07869 Val Loss = 0.05475 ACC_MAE = 0.98462 ACC_RMSE = 0.95153
Epoch 68 	lr = 0.00010 Train Loss = 0.07792 Val Loss = 0.05446 ACC_MAE = 0.98470 ACC_RMSE = 0.95151
Epoch 69 	lr = 0.00010 Train Loss = 0.07787 Val Loss = 0.05480 ACC_MAE = 0.98460 ACC_RMSE = 0.95150
Epoch 70 	lr = 0.00010 Train Loss = 0.07882 Val Loss = 0.05544 ACC_MAE = 0.98441 ACC_RMSE = 0.95149
Epoch 71 	lr = 0.00010 Train Loss = 0.07925 Val Loss = 0.05548 ACC_MAE = 0.98440 ACC_RMSE = 0.95151
Epoch 72 	lr = 0.00010 Train Loss = 0.07823 Val Loss = 0.05444 ACC_MAE = 0.98470 ACC_RMSE = 0.95151
Epoch 73 	lr = 0.00010 Train Loss = 0.07776 Val Loss = 0.05511 ACC_MAE = 0.98451 ACC_RMSE = 0.95148
Epoch 74 	lr = 0.00010 Train Loss = 0.07803 Val Loss = 0.05460 ACC_MAE = 0.98466 ACC_RMSE = 0.95150
Epoch 75 	lr = 0.00010 Train Loss = 0.07806 Val Loss = 0.05529 ACC_MAE = 0.98445 ACC_RMSE = 0.95149
Epoch 76 	lr = 0.00010 Train Loss = 0.07935 Val Loss = 0.05514 ACC_MAE = 0.98451 ACC_RMSE = 0.95148
Epoch 77 	lr = 0.00010 Train Loss = 0.07818 Val Loss = 0.05560 ACC_MAE = 0.98436 ACC_RMSE = 0.95153
Epoch 78 	lr = 0.00010 Train Loss = 0.07813 Val Loss = 0.05721 ACC_MAE = 0.98390 ACC_RMSE = 0.95147
Epoch 79 	lr = 0.00010 Train Loss = 0.07875 Val Loss = 0.05530 ACC_MAE = 0.98445 ACC_RMSE = 0.95151
Epoch 80 	lr = 0.00010 Train Loss = 0.07848 Val Loss = 0.05512 ACC_MAE = 0.98451 ACC_RMSE = 0.95149
Epoch 81 	lr = 0.00010 Train Loss = 0.07810 Val Loss = 0.05546 ACC_MAE = 0.98440 ACC_RMSE = 0.95150
Epoch 82 	lr = 0.00010 Train Loss = 0.07900 Val Loss = 0.05454 ACC_MAE = 0.98468 ACC_RMSE = 0.95152
Epoch 83 	lr = 0.00010 Train Loss = 0.07907 Val Loss = 0.05521 ACC_MAE = 0.98448 ACC_RMSE = 0.95149
Epoch 84 	lr = 0.00010 Train Loss = 0.07916 Val Loss = 0.05490 ACC_MAE = 0.98458 ACC_RMSE = 0.95149
Epoch 85 	lr = 0.00010 Train Loss = 0.07796 Val Loss = 0.05451 ACC_MAE = 0.98470 ACC_RMSE = 0.95151
Epoch 86 	lr = 0.00010 Train Loss = 0.07839 Val Loss = 0.05526 ACC_MAE = 0.98447 ACC_RMSE = 0.95148
Epoch 87 	lr = 0.00010 Train Loss = 0.07860 Val Loss = 0.05433 ACC_MAE = 0.98473 ACC_RMSE = 0.95153
Epoch 88 	lr = 0.00010 Train Loss = 0.07877 Val Loss = 0.05547 ACC_MAE = 0.98440 ACC_RMSE = 0.95152
Epoch 89 	lr = 0.00010 Train Loss = 0.07811 Val Loss = 0.05557 ACC_MAE = 0.98437 ACC_RMSE = 0.95152
Epoch 90 	lr = 0.00010 Train Loss = 0.07804 Val Loss = 0.05615 ACC_MAE = 0.98421 ACC_RMSE = 0.95145
Epoch 91 	lr = 0.00010 Train Loss = 0.07794 Val Loss = 0.05524 ACC_MAE = 0.98447 ACC_RMSE = 0.95152
Epoch 92 	lr = 0.00010 Train Loss = 0.07905 Val Loss = 0.05535 ACC_MAE = 0.98444 ACC_RMSE = 0.95149
Epoch 93 	lr = 0.00010 Train Loss = 0.07885 Val Loss = 0.05496 ACC_MAE = 0.98455 ACC_RMSE = 0.95152
Epoch 94 	lr = 0.00010 Train Loss = 0.07867 Val Loss = 0.05540 ACC_MAE = 0.98442 ACC_RMSE = 0.95153
Epoch 95 	lr = 0.00010 Train Loss = 0.07805 Val Loss = 0.05477 ACC_MAE = 0.98461 ACC_RMSE = 0.95154
Epoch 96 	lr = 0.00010 Train Loss = 0.07840 Val Loss = 0.05546 ACC_MAE = 0.98442 ACC_RMSE = 0.95150
Epoch 97 	lr = 0.00010 Train Loss = 0.07936 Val Loss = 0.05739 ACC_MAE = 0.98385 ACC_RMSE = 0.95145
Epoch 98 	lr = 0.00010 Train Loss = 0.07861 Val Loss = 0.05640 ACC_MAE = 0.98414 ACC_RMSE = 0.95149
Epoch 99 	lr = 0.00010 Train Loss = 0.07864 Val Loss = 0.05484 ACC_MAE = 0.98459 ACC_RMSE = 0.95152
Epoch 100 	lr = 0.00010 Train Loss = 0.07872 Val Loss = 0.05470 ACC_MAE = 0.98464 ACC_RMSE = 0.95154
Epoch 101 	lr = 0.00010 Train Loss = 0.07878 Val Loss = 0.05478 ACC_MAE = 0.98460 ACC_RMSE = 0.95151
Epoch 102 	lr = 0.00010 Train Loss = 0.07818 Val Loss = 0.05695 ACC_MAE = 0.98397 ACC_RMSE = 0.95151
Epoch 103 	lr = 0.00010 Train Loss = 0.07798 Val Loss = 0.05502 ACC_MAE = 0.98454 ACC_RMSE = 0.95153
Epoch 104 	lr = 0.00010 Train Loss = 0.07825 Val Loss = 0.05542 ACC_MAE = 0.98442 ACC_RMSE = 0.95151
Epoch 105 	lr = 0.00010 Train Loss = 0.07942 Val Loss = 0.05616 ACC_MAE = 0.98420 ACC_RMSE = 0.95148
Epoch 106 	lr = 0.00010 Train Loss = 0.07901 Val Loss = 0.05447 ACC_MAE = 0.98470 ACC_RMSE = 0.95154
Epoch 107 	lr = 0.00010 Train Loss = 0.07915 Val Loss = 0.05560 ACC_MAE = 0.98437 ACC_RMSE = 0.95152
Early stopping at epoch: 107
Best at epoch 87

Model checkpoint saved to: ../saved_models/DLinear/DLinear-SKIPPD-336-1-2026-05-30-21-02-20.pt
--------- Test ---------
All Steps (1-1) MAE = 0.58153, RMSE = 1.77481, ACC_MAE = 0.98068, ACC_RMSE = 0.94104
Inference time: 0.11 s
