SKIPPD
Trainset:	x-(21725, 336, 1, 1)	y-(21725, 16, 1, 1)
Valset:  	x-(2437, 336, 1, 1)  	y-(2437, 16, 1, 1)
Testset:	x-(10497, 336, 1, 1)	y-(10497, 16, 1, 1)
INFO: Using scaled X and Y, only for LTSF!

Random seed = 2026
--------- DLinear ---------
{
    "num_nodes": 1,
    "in_steps": 336,
    "out_steps": 16,
    "lr": 0.0001,
    "weight_decay": 0,
    "milestones": [],
    "lr_decay_rate": 0.1,
    "clip_grad": 0,
    "batch_size": 64,
    "max_epochs": 200,
    "cap": 30.1,
    "dataloader": "ltsf",
    "runner": "ltsf",
    "loss": "mae",
    "model_args": {
        "enc_in": 1,
        "seq_len": 336,
        "pred_len": 16,
        "individual": false
    }
}
==========================================================================================
Layer (type:depth-idx)                   Output Shape              Param #
==========================================================================================
DLinear                                  [64, 16, 1, 1]            --
├─series_decomp: 1-1                     [64, 336, 1]              --
│    └─moving_avg: 2-1                   [64, 336, 1]              --
│    │    └─AvgPool1d: 3-1               [64, 1, 336]              --
├─Linear: 1-2                            [64, 1, 16]               5,392
├─Linear: 1-3                            [64, 1, 16]               5,392
==========================================================================================
Total params: 10,784
Trainable params: 10,784
Non-trainable params: 0
Total mult-adds (Units.MEGABYTES): 0.69
==========================================================================================
Input size (MB): 0.09
Forward/backward pass size (MB): 0.02
Params size (MB): 0.04
Estimated Total Size (MB): 0.15
==========================================================================================

Loss: L1Loss

Epoch 1 	lr = 0.00010 Train Loss = 0.35617 Val Loss = 0.18092 ACC_MAE = 0.94901 ACC_RMSE = 0.91517
Epoch 2 	lr = 0.00010 Train Loss = 0.24117 Val Loss = 0.16017 ACC_MAE = 0.95490 ACC_RMSE = 0.91913
Epoch 3 	lr = 0.00010 Train Loss = 0.21548 Val Loss = 0.14894 ACC_MAE = 0.95811 ACC_RMSE = 0.92095
Epoch 4 	lr = 0.00010 Train Loss = 0.20077 Val Loss = 0.14344 ACC_MAE = 0.95967 ACC_RMSE = 0.92181
Epoch 5 	lr = 0.00010 Train Loss = 0.19062 Val Loss = 0.13986 ACC_MAE = 0.96070 ACC_RMSE = 0.92227
Epoch 6 	lr = 0.00010 Train Loss = 0.18277 Val Loss = 0.13678 ACC_MAE = 0.96161 ACC_RMSE = 0.92254
Epoch 7 	lr = 0.00010 Train Loss = 0.17638 Val Loss = 0.13385 ACC_MAE = 0.96246 ACC_RMSE = 0.92271
Epoch 8 	lr = 0.00010 Train Loss = 0.17117 Val Loss = 0.13133 ACC_MAE = 0.96319 ACC_RMSE = 0.92281
Epoch 9 	lr = 0.00010 Train Loss = 0.16691 Val Loss = 0.12952 ACC_MAE = 0.96371 ACC_RMSE = 0.92284
Epoch 10 	lr = 0.00010 Train Loss = 0.16353 Val Loss = 0.12776 ACC_MAE = 0.96422 ACC_RMSE = 0.92283
Epoch 11 	lr = 0.00010 Train Loss = 0.16081 Val Loss = 0.12638 ACC_MAE = 0.96461 ACC_RMSE = 0.92280
Epoch 12 	lr = 0.00010 Train Loss = 0.15878 Val Loss = 0.12512 ACC_MAE = 0.96497 ACC_RMSE = 0.92276
Epoch 13 	lr = 0.00010 Train Loss = 0.15725 Val Loss = 0.12465 ACC_MAE = 0.96510 ACC_RMSE = 0.92269
Epoch 14 	lr = 0.00010 Train Loss = 0.15592 Val Loss = 0.12386 ACC_MAE = 0.96532 ACC_RMSE = 0.92263
Epoch 15 	lr = 0.00010 Train Loss = 0.15510 Val Loss = 0.12323 ACC_MAE = 0.96550 ACC_RMSE = 0.92256
Epoch 16 	lr = 0.00010 Train Loss = 0.15424 Val Loss = 0.12248 ACC_MAE = 0.96570 ACC_RMSE = 0.92250
Epoch 17 	lr = 0.00010 Train Loss = 0.15371 Val Loss = 0.12264 ACC_MAE = 0.96566 ACC_RMSE = 0.92241
Epoch 18 	lr = 0.00010 Train Loss = 0.15310 Val Loss = 0.12232 ACC_MAE = 0.96575 ACC_RMSE = 0.92234
Epoch 19 	lr = 0.00010 Train Loss = 0.15269 Val Loss = 0.12273 ACC_MAE = 0.96564 ACC_RMSE = 0.92224
Epoch 20 	lr = 0.00010 Train Loss = 0.15227 Val Loss = 0.12224 ACC_MAE = 0.96577 ACC_RMSE = 0.92218
Epoch 21 	lr = 0.00010 Train Loss = 0.15192 Val Loss = 0.12273 ACC_MAE = 0.96564 ACC_RMSE = 0.92210
Epoch 22 	lr = 0.00010 Train Loss = 0.15175 Val Loss = 0.12241 ACC_MAE = 0.96573 ACC_RMSE = 0.92203
Epoch 23 	lr = 0.00010 Train Loss = 0.15134 Val Loss = 0.12245 ACC_MAE = 0.96572 ACC_RMSE = 0.92194
Epoch 24 	lr = 0.00010 Train Loss = 0.15120 Val Loss = 0.12235 ACC_MAE = 0.96574 ACC_RMSE = 0.92188
Epoch 25 	lr = 0.00010 Train Loss = 0.15109 Val Loss = 0.12240 ACC_MAE = 0.96573 ACC_RMSE = 0.92182
Epoch 26 	lr = 0.00010 Train Loss = 0.15087 Val Loss = 0.12242 ACC_MAE = 0.96573 ACC_RMSE = 0.92175
Epoch 27 	lr = 0.00010 Train Loss = 0.15082 Val Loss = 0.12237 ACC_MAE = 0.96574 ACC_RMSE = 0.92169
Epoch 28 	lr = 0.00010 Train Loss = 0.15055 Val Loss = 0.12224 ACC_MAE = 0.96577 ACC_RMSE = 0.92164
Epoch 29 	lr = 0.00010 Train Loss = 0.15049 Val Loss = 0.12261 ACC_MAE = 0.96567 ACC_RMSE = 0.92158
Epoch 30 	lr = 0.00010 Train Loss = 0.15043 Val Loss = 0.12228 ACC_MAE = 0.96576 ACC_RMSE = 0.92153
Epoch 31 	lr = 0.00010 Train Loss = 0.15041 Val Loss = 0.12214 ACC_MAE = 0.96580 ACC_RMSE = 0.92149
Epoch 32 	lr = 0.00010 Train Loss = 0.15020 Val Loss = 0.12224 ACC_MAE = 0.96577 ACC_RMSE = 0.92142
Epoch 33 	lr = 0.00010 Train Loss = 0.15030 Val Loss = 0.12250 ACC_MAE = 0.96569 ACC_RMSE = 0.92138
Epoch 34 	lr = 0.00010 Train Loss = 0.15015 Val Loss = 0.12288 ACC_MAE = 0.96559 ACC_RMSE = 0.92133
Epoch 35 	lr = 0.00010 Train Loss = 0.15011 Val Loss = 0.12236 ACC_MAE = 0.96573 ACC_RMSE = 0.92131
Epoch 36 	lr = 0.00010 Train Loss = 0.14992 Val Loss = 0.12238 ACC_MAE = 0.96573 ACC_RMSE = 0.92128
Epoch 37 	lr = 0.00010 Train Loss = 0.15013 Val Loss = 0.12208 ACC_MAE = 0.96582 ACC_RMSE = 0.92126
Epoch 38 	lr = 0.00010 Train Loss = 0.15001 Val Loss = 0.12271 ACC_MAE = 0.96564 ACC_RMSE = 0.92121
Epoch 39 	lr = 0.00010 Train Loss = 0.14990 Val Loss = 0.12234 ACC_MAE = 0.96574 ACC_RMSE = 0.92119
Epoch 40 	lr = 0.00010 Train Loss = 0.14993 Val Loss = 0.12223 ACC_MAE = 0.96577 ACC_RMSE = 0.92118
Epoch 41 	lr = 0.00010 Train Loss = 0.14998 Val Loss = 0.12180 ACC_MAE = 0.96589 ACC_RMSE = 0.92115
Epoch 42 	lr = 0.00010 Train Loss = 0.14983 Val Loss = 0.12202 ACC_MAE = 0.96583 ACC_RMSE = 0.92112
Epoch 43 	lr = 0.00010 Train Loss = 0.14998 Val Loss = 0.12280 ACC_MAE = 0.96561 ACC_RMSE = 0.92107
Epoch 44 	lr = 0.00010 Train Loss = 0.14981 Val Loss = 0.12215 ACC_MAE = 0.96580 ACC_RMSE = 0.92107
Epoch 45 	lr = 0.00010 Train Loss = 0.14981 Val Loss = 0.12221 ACC_MAE = 0.96579 ACC_RMSE = 0.92105
Epoch 46 	lr = 0.00010 Train Loss = 0.14971 Val Loss = 0.12209 ACC_MAE = 0.96581 ACC_RMSE = 0.92103
Epoch 47 	lr = 0.00010 Train Loss = 0.14990 Val Loss = 0.12259 ACC_MAE = 0.96567 ACC_RMSE = 0.92100
Epoch 48 	lr = 0.00010 Train Loss = 0.14990 Val Loss = 0.12230 ACC_MAE = 0.96575 ACC_RMSE = 0.92099
Epoch 49 	lr = 0.00010 Train Loss = 0.14988 Val Loss = 0.12261 ACC_MAE = 0.96567 ACC_RMSE = 0.92097
Epoch 50 	lr = 0.00010 Train Loss = 0.14983 Val Loss = 0.12188 ACC_MAE = 0.96587 ACC_RMSE = 0.92097
Epoch 51 	lr = 0.00010 Train Loss = 0.14982 Val Loss = 0.12215 ACC_MAE = 0.96579 ACC_RMSE = 0.92095
Epoch 52 	lr = 0.00010 Train Loss = 0.14979 Val Loss = 0.12263 ACC_MAE = 0.96566 ACC_RMSE = 0.92093
Epoch 53 	lr = 0.00010 Train Loss = 0.14978 Val Loss = 0.12218 ACC_MAE = 0.96579 ACC_RMSE = 0.92093
Epoch 54 	lr = 0.00010 Train Loss = 0.14973 Val Loss = 0.12222 ACC_MAE = 0.96577 ACC_RMSE = 0.92091
Epoch 55 	lr = 0.00010 Train Loss = 0.14979 Val Loss = 0.12243 ACC_MAE = 0.96572 ACC_RMSE = 0.92090
Epoch 56 	lr = 0.00010 Train Loss = 0.14959 Val Loss = 0.12227 ACC_MAE = 0.96576 ACC_RMSE = 0.92088
Epoch 57 	lr = 0.00010 Train Loss = 0.14974 Val Loss = 0.12270 ACC_MAE = 0.96564 ACC_RMSE = 0.92087
Epoch 58 	lr = 0.00010 Train Loss = 0.14973 Val Loss = 0.12276 ACC_MAE = 0.96562 ACC_RMSE = 0.92085
Epoch 59 	lr = 0.00010 Train Loss = 0.14974 Val Loss = 0.12244 ACC_MAE = 0.96572 ACC_RMSE = 0.92085
Epoch 60 	lr = 0.00010 Train Loss = 0.14976 Val Loss = 0.12254 ACC_MAE = 0.96569 ACC_RMSE = 0.92083
Epoch 61 	lr = 0.00010 Train Loss = 0.14961 Val Loss = 0.12288 ACC_MAE = 0.96559 ACC_RMSE = 0.92081
Early stopping at epoch: 61
Best at epoch 41

Model checkpoint saved to: ../saved_models/DLinear/DLinear-SKIPPD-336-16-2026-05-30-20-53-14.pt
--------- Test ---------
All Steps (1-16) MAE = 1.17746, RMSE = 2.64601, ACC_MAE = 0.96088, ACC_RMSE = 0.91209
Inference time: 0.11 s
