SKIPPD
Trainset:	x-(21740, 336, 1, 1)	y-(21740, 1, 1, 1)
Valset:  	x-(2452, 336, 1, 1)  	y-(2452, 1, 1, 1)
Testset:	x-(10512, 336, 1, 1)	y-(10512, 1, 1, 1)
INFO: Using scaled X and Y, only for LTSF!

Random seed = 2026
--------- DLinear ---------
{
    "num_nodes": 1,
    "in_steps": 336,
    "out_steps": 1,
    "lr": 0.0001,
    "weight_decay": 0,
    "milestones": [
        10
    ],
    "lr_decay_rate": 0.1,
    "clip_grad": 0,
    "batch_size": 64,
    "max_epochs": 200,
    "cap": 30.1,
    "dataloader": "ltsf",
    "runner": "ltsf",
    "loss": "mse",
    "model_args": {
        "enc_in": 1,
        "seq_len": 336,
        "pred_len": 1,
        "individual": false
    }
}
==========================================================================================
Layer (type:depth-idx)                   Output Shape              Param #
==========================================================================================
DLinear                                  [64, 1, 1, 1]             --
├─series_decomp: 1-1                     [64, 336, 1]              --
│    └─moving_avg: 2-1                   [64, 336, 1]              --
│    │    └─AvgPool1d: 3-1               [64, 1, 336]              --
├─Linear: 1-2                            [64, 1, 1]                337
├─Linear: 1-3                            [64, 1, 1]                337
==========================================================================================
Total params: 674
Trainable params: 674
Non-trainable params: 0
Total mult-adds (Units.MEGABYTES): 0.04
==========================================================================================
Input size (MB): 0.09
Forward/backward pass size (MB): 0.00
Params size (MB): 0.00
Estimated Total Size (MB): 0.09
==========================================================================================

Loss: MSELoss

Epoch 1 	lr = 0.00010 Train Loss = 0.25702 Val Loss = 0.08517 ACC_MAE = 0.94368 ACC_RMSE = 0.91593
Epoch 2 	lr = 0.00010 Train Loss = 0.14345 Val Loss = 0.06603 ACC_MAE = 0.95315 ACC_RMSE = 0.92586
Epoch 3 	lr = 0.00010 Train Loss = 0.10777 Val Loss = 0.05424 ACC_MAE = 0.95953 ACC_RMSE = 0.93275
Epoch 4 	lr = 0.00010 Train Loss = 0.08752 Val Loss = 0.04672 ACC_MAE = 0.96371 ACC_RMSE = 0.93759
Epoch 5 	lr = 0.00010 Train Loss = 0.07541 Val Loss = 0.04169 ACC_MAE = 0.96676 ACC_RMSE = 0.94107
Epoch 6 	lr = 0.00010 Train Loss = 0.06788 Val Loss = 0.03818 ACC_MAE = 0.96916 ACC_RMSE = 0.94363
Epoch 7 	lr = 0.00010 Train Loss = 0.06303 Val Loss = 0.03571 ACC_MAE = 0.97114 ACC_RMSE = 0.94551
Epoch 8 	lr = 0.00010 Train Loss = 0.05983 Val Loss = 0.03395 ACC_MAE = 0.97273 ACC_RMSE = 0.94688
Epoch 9 	lr = 0.00010 Train Loss = 0.05766 Val Loss = 0.03271 ACC_MAE = 0.97400 ACC_RMSE = 0.94787
Epoch 10 	lr = 0.00010 Train Loss = 0.05613 Val Loss = 0.03181 ACC_MAE = 0.97501 ACC_RMSE = 0.94860
Epoch 11 	lr = 0.00001 Train Loss = 0.05523 Val Loss = 0.03173 ACC_MAE = 0.97518 ACC_RMSE = 0.94868
Epoch 12 	lr = 0.00001 Train Loss = 0.05508 Val Loss = 0.03165 ACC_MAE = 0.97529 ACC_RMSE = 0.94874
Epoch 13 	lr = 0.00001 Train Loss = 0.05495 Val Loss = 0.03157 ACC_MAE = 0.97540 ACC_RMSE = 0.94881
Epoch 14 	lr = 0.00001 Train Loss = 0.05482 Val Loss = 0.03148 ACC_MAE = 0.97552 ACC_RMSE = 0.94888
Epoch 15 	lr = 0.00001 Train Loss = 0.05469 Val Loss = 0.03140 ACC_MAE = 0.97563 ACC_RMSE = 0.94895
Epoch 16 	lr = 0.00001 Train Loss = 0.05456 Val Loss = 0.03131 ACC_MAE = 0.97574 ACC_RMSE = 0.94902
Epoch 17 	lr = 0.00001 Train Loss = 0.05442 Val Loss = 0.03123 ACC_MAE = 0.97585 ACC_RMSE = 0.94909
Epoch 18 	lr = 0.00001 Train Loss = 0.05430 Val Loss = 0.03115 ACC_MAE = 0.97596 ACC_RMSE = 0.94915
Epoch 19 	lr = 0.00001 Train Loss = 0.05417 Val Loss = 0.03107 ACC_MAE = 0.97606 ACC_RMSE = 0.94922
Epoch 20 	lr = 0.00001 Train Loss = 0.05404 Val Loss = 0.03099 ACC_MAE = 0.97617 ACC_RMSE = 0.94928
Epoch 21 	lr = 0.00001 Train Loss = 0.05392 Val Loss = 0.03092 ACC_MAE = 0.97627 ACC_RMSE = 0.94935
Epoch 22 	lr = 0.00001 Train Loss = 0.05380 Val Loss = 0.03085 ACC_MAE = 0.97637 ACC_RMSE = 0.94940
Epoch 23 	lr = 0.00001 Train Loss = 0.05369 Val Loss = 0.03077 ACC_MAE = 0.97647 ACC_RMSE = 0.94946
Epoch 24 	lr = 0.00001 Train Loss = 0.05357 Val Loss = 0.03071 ACC_MAE = 0.97656 ACC_RMSE = 0.94952
Epoch 25 	lr = 0.00001 Train Loss = 0.05346 Val Loss = 0.03064 ACC_MAE = 0.97665 ACC_RMSE = 0.94957
Epoch 26 	lr = 0.00001 Train Loss = 0.05336 Val Loss = 0.03058 ACC_MAE = 0.97674 ACC_RMSE = 0.94963
Epoch 27 	lr = 0.00001 Train Loss = 0.05325 Val Loss = 0.03051 ACC_MAE = 0.97683 ACC_RMSE = 0.94968
Epoch 28 	lr = 0.00001 Train Loss = 0.05315 Val Loss = 0.03045 ACC_MAE = 0.97691 ACC_RMSE = 0.94973
Epoch 29 	lr = 0.00001 Train Loss = 0.05305 Val Loss = 0.03040 ACC_MAE = 0.97699 ACC_RMSE = 0.94977
Epoch 30 	lr = 0.00001 Train Loss = 0.05295 Val Loss = 0.03034 ACC_MAE = 0.97708 ACC_RMSE = 0.94982
Epoch 31 	lr = 0.00001 Train Loss = 0.05286 Val Loss = 0.03029 ACC_MAE = 0.97715 ACC_RMSE = 0.94987
Epoch 32 	lr = 0.00001 Train Loss = 0.05277 Val Loss = 0.03023 ACC_MAE = 0.97723 ACC_RMSE = 0.94991
Epoch 33 	lr = 0.00001 Train Loss = 0.05268 Val Loss = 0.03018 ACC_MAE = 0.97730 ACC_RMSE = 0.94995
Epoch 34 	lr = 0.00001 Train Loss = 0.05259 Val Loss = 0.03013 ACC_MAE = 0.97737 ACC_RMSE = 0.94999
Epoch 35 	lr = 0.00001 Train Loss = 0.05250 Val Loss = 0.03009 ACC_MAE = 0.97744 ACC_RMSE = 0.95003
Epoch 36 	lr = 0.00001 Train Loss = 0.05242 Val Loss = 0.03004 ACC_MAE = 0.97751 ACC_RMSE = 0.95007
Epoch 37 	lr = 0.00001 Train Loss = 0.05233 Val Loss = 0.02999 ACC_MAE = 0.97758 ACC_RMSE = 0.95011
Epoch 38 	lr = 0.00001 Train Loss = 0.05225 Val Loss = 0.02995 ACC_MAE = 0.97764 ACC_RMSE = 0.95014
Epoch 39 	lr = 0.00001 Train Loss = 0.05217 Val Loss = 0.02991 ACC_MAE = 0.97770 ACC_RMSE = 0.95018
Epoch 40 	lr = 0.00001 Train Loss = 0.05210 Val Loss = 0.02987 ACC_MAE = 0.97777 ACC_RMSE = 0.95021
Epoch 41 	lr = 0.00001 Train Loss = 0.05202 Val Loss = 0.02983 ACC_MAE = 0.97783 ACC_RMSE = 0.95025
Epoch 42 	lr = 0.00001 Train Loss = 0.05195 Val Loss = 0.02979 ACC_MAE = 0.97788 ACC_RMSE = 0.95028
Epoch 43 	lr = 0.00001 Train Loss = 0.05188 Val Loss = 0.02975 ACC_MAE = 0.97794 ACC_RMSE = 0.95031
Epoch 44 	lr = 0.00001 Train Loss = 0.05180 Val Loss = 0.02972 ACC_MAE = 0.97800 ACC_RMSE = 0.95034
Epoch 45 	lr = 0.00001 Train Loss = 0.05174 Val Loss = 0.02968 ACC_MAE = 0.97805 ACC_RMSE = 0.95037
Epoch 46 	lr = 0.00001 Train Loss = 0.05167 Val Loss = 0.02965 ACC_MAE = 0.97810 ACC_RMSE = 0.95040
Epoch 47 	lr = 0.00001 Train Loss = 0.05160 Val Loss = 0.02961 ACC_MAE = 0.97815 ACC_RMSE = 0.95042
Epoch 48 	lr = 0.00001 Train Loss = 0.05154 Val Loss = 0.02958 ACC_MAE = 0.97820 ACC_RMSE = 0.95045
Epoch 49 	lr = 0.00001 Train Loss = 0.05147 Val Loss = 0.02955 ACC_MAE = 0.97825 ACC_RMSE = 0.95048
Epoch 50 	lr = 0.00001 Train Loss = 0.05141 Val Loss = 0.02952 ACC_MAE = 0.97830 ACC_RMSE = 0.95050
Epoch 51 	lr = 0.00001 Train Loss = 0.05135 Val Loss = 0.02949 ACC_MAE = 0.97835 ACC_RMSE = 0.95053
Epoch 52 	lr = 0.00001 Train Loss = 0.05129 Val Loss = 0.02946 ACC_MAE = 0.97839 ACC_RMSE = 0.95055
Epoch 53 	lr = 0.00001 Train Loss = 0.05123 Val Loss = 0.02943 ACC_MAE = 0.97844 ACC_RMSE = 0.95057
Epoch 54 	lr = 0.00001 Train Loss = 0.05117 Val Loss = 0.02941 ACC_MAE = 0.97848 ACC_RMSE = 0.95060
Epoch 55 	lr = 0.00001 Train Loss = 0.05111 Val Loss = 0.02938 ACC_MAE = 0.97852 ACC_RMSE = 0.95062
Epoch 56 	lr = 0.00001 Train Loss = 0.05106 Val Loss = 0.02935 ACC_MAE = 0.97857 ACC_RMSE = 0.95064
Epoch 57 	lr = 0.00001 Train Loss = 0.05100 Val Loss = 0.02933 ACC_MAE = 0.97861 ACC_RMSE = 0.95066
Epoch 58 	lr = 0.00001 Train Loss = 0.05095 Val Loss = 0.02931 ACC_MAE = 0.97865 ACC_RMSE = 0.95068
Epoch 59 	lr = 0.00001 Train Loss = 0.05090 Val Loss = 0.02928 ACC_MAE = 0.97869 ACC_RMSE = 0.95070
Epoch 60 	lr = 0.00001 Train Loss = 0.05085 Val Loss = 0.02926 ACC_MAE = 0.97872 ACC_RMSE = 0.95072
Epoch 61 	lr = 0.00001 Train Loss = 0.05080 Val Loss = 0.02924 ACC_MAE = 0.97876 ACC_RMSE = 0.95074
Epoch 62 	lr = 0.00001 Train Loss = 0.05075 Val Loss = 0.02921 ACC_MAE = 0.97880 ACC_RMSE = 0.95076
Epoch 63 	lr = 0.00001 Train Loss = 0.05070 Val Loss = 0.02919 ACC_MAE = 0.97883 ACC_RMSE = 0.95078
Epoch 64 	lr = 0.00001 Train Loss = 0.05065 Val Loss = 0.02917 ACC_MAE = 0.97887 ACC_RMSE = 0.95079
Epoch 65 	lr = 0.00001 Train Loss = 0.05060 Val Loss = 0.02915 ACC_MAE = 0.97890 ACC_RMSE = 0.95081
Epoch 66 	lr = 0.00001 Train Loss = 0.05056 Val Loss = 0.02913 ACC_MAE = 0.97893 ACC_RMSE = 0.95083
Epoch 67 	lr = 0.00001 Train Loss = 0.05051 Val Loss = 0.02911 ACC_MAE = 0.97896 ACC_RMSE = 0.95084
Epoch 68 	lr = 0.00001 Train Loss = 0.05047 Val Loss = 0.02909 ACC_MAE = 0.97900 ACC_RMSE = 0.95086
Epoch 69 	lr = 0.00001 Train Loss = 0.05043 Val Loss = 0.02908 ACC_MAE = 0.97903 ACC_RMSE = 0.95087
Epoch 70 	lr = 0.00001 Train Loss = 0.05038 Val Loss = 0.02906 ACC_MAE = 0.97906 ACC_RMSE = 0.95089
Epoch 71 	lr = 0.00001 Train Loss = 0.05034 Val Loss = 0.02904 ACC_MAE = 0.97909 ACC_RMSE = 0.95090
Epoch 72 	lr = 0.00001 Train Loss = 0.05030 Val Loss = 0.02902 ACC_MAE = 0.97911 ACC_RMSE = 0.95092
Epoch 73 	lr = 0.00001 Train Loss = 0.05026 Val Loss = 0.02901 ACC_MAE = 0.97914 ACC_RMSE = 0.95093
Epoch 74 	lr = 0.00001 Train Loss = 0.05022 Val Loss = 0.02899 ACC_MAE = 0.97917 ACC_RMSE = 0.95095
Epoch 75 	lr = 0.00001 Train Loss = 0.05018 Val Loss = 0.02898 ACC_MAE = 0.97920 ACC_RMSE = 0.95096
Epoch 76 	lr = 0.00001 Train Loss = 0.05014 Val Loss = 0.02896 ACC_MAE = 0.97922 ACC_RMSE = 0.95097
Epoch 77 	lr = 0.00001 Train Loss = 0.05011 Val Loss = 0.02895 ACC_MAE = 0.97925 ACC_RMSE = 0.95099
Epoch 78 	lr = 0.00001 Train Loss = 0.05007 Val Loss = 0.02893 ACC_MAE = 0.97927 ACC_RMSE = 0.95100
Epoch 79 	lr = 0.00001 Train Loss = 0.05003 Val Loss = 0.02892 ACC_MAE = 0.97930 ACC_RMSE = 0.95101
Epoch 80 	lr = 0.00001 Train Loss = 0.05000 Val Loss = 0.02890 ACC_MAE = 0.97932 ACC_RMSE = 0.95102
Epoch 81 	lr = 0.00001 Train Loss = 0.04996 Val Loss = 0.02889 ACC_MAE = 0.97935 ACC_RMSE = 0.95103
Epoch 82 	lr = 0.00001 Train Loss = 0.04993 Val Loss = 0.02888 ACC_MAE = 0.97937 ACC_RMSE = 0.95104
Epoch 83 	lr = 0.00001 Train Loss = 0.04989 Val Loss = 0.02886 ACC_MAE = 0.97939 ACC_RMSE = 0.95106
Epoch 84 	lr = 0.00001 Train Loss = 0.04986 Val Loss = 0.02885 ACC_MAE = 0.97941 ACC_RMSE = 0.95107
Epoch 85 	lr = 0.00001 Train Loss = 0.04983 Val Loss = 0.02884 ACC_MAE = 0.97943 ACC_RMSE = 0.95108
Epoch 86 	lr = 0.00001 Train Loss = 0.04980 Val Loss = 0.02882 ACC_MAE = 0.97945 ACC_RMSE = 0.95109
Epoch 87 	lr = 0.00001 Train Loss = 0.04977 Val Loss = 0.02881 ACC_MAE = 0.97947 ACC_RMSE = 0.95110
Epoch 88 	lr = 0.00001 Train Loss = 0.04973 Val Loss = 0.02880 ACC_MAE = 0.97949 ACC_RMSE = 0.95111
Epoch 89 	lr = 0.00001 Train Loss = 0.04970 Val Loss = 0.02879 ACC_MAE = 0.97951 ACC_RMSE = 0.95112
Epoch 90 	lr = 0.00001 Train Loss = 0.04967 Val Loss = 0.02878 ACC_MAE = 0.97953 ACC_RMSE = 0.95113
Epoch 91 	lr = 0.00001 Train Loss = 0.04965 Val Loss = 0.02877 ACC_MAE = 0.97955 ACC_RMSE = 0.95114
Epoch 92 	lr = 0.00001 Train Loss = 0.04962 Val Loss = 0.02876 ACC_MAE = 0.97957 ACC_RMSE = 0.95114
Epoch 93 	lr = 0.00001 Train Loss = 0.04959 Val Loss = 0.02875 ACC_MAE = 0.97958 ACC_RMSE = 0.95115
Epoch 94 	lr = 0.00001 Train Loss = 0.04956 Val Loss = 0.02874 ACC_MAE = 0.97960 ACC_RMSE = 0.95116
Epoch 95 	lr = 0.00001 Train Loss = 0.04953 Val Loss = 0.02873 ACC_MAE = 0.97962 ACC_RMSE = 0.95117
Epoch 96 	lr = 0.00001 Train Loss = 0.04951 Val Loss = 0.02872 ACC_MAE = 0.97964 ACC_RMSE = 0.95118
Epoch 97 	lr = 0.00001 Train Loss = 0.04948 Val Loss = 0.02871 ACC_MAE = 0.97965 ACC_RMSE = 0.95119
Epoch 98 	lr = 0.00001 Train Loss = 0.04945 Val Loss = 0.02870 ACC_MAE = 0.97967 ACC_RMSE = 0.95120
Epoch 99 	lr = 0.00001 Train Loss = 0.04943 Val Loss = 0.02869 ACC_MAE = 0.97968 ACC_RMSE = 0.95120
Epoch 100 	lr = 0.00001 Train Loss = 0.04940 Val Loss = 0.02868 ACC_MAE = 0.97970 ACC_RMSE = 0.95121
Epoch 101 	lr = 0.00001 Train Loss = 0.04938 Val Loss = 0.02867 ACC_MAE = 0.97971 ACC_RMSE = 0.95122
Epoch 102 	lr = 0.00001 Train Loss = 0.04935 Val Loss = 0.02866 ACC_MAE = 0.97973 ACC_RMSE = 0.95123
Epoch 103 	lr = 0.00001 Train Loss = 0.04933 Val Loss = 0.02865 ACC_MAE = 0.97974 ACC_RMSE = 0.95123
Epoch 104 	lr = 0.00001 Train Loss = 0.04931 Val Loss = 0.02864 ACC_MAE = 0.97976 ACC_RMSE = 0.95124
Epoch 105 	lr = 0.00001 Train Loss = 0.04928 Val Loss = 0.02864 ACC_MAE = 0.97977 ACC_RMSE = 0.95125
Epoch 106 	lr = 0.00001 Train Loss = 0.04926 Val Loss = 0.02863 ACC_MAE = 0.97978 ACC_RMSE = 0.95125
Epoch 107 	lr = 0.00001 Train Loss = 0.04924 Val Loss = 0.02862 ACC_MAE = 0.97980 ACC_RMSE = 0.95126
Epoch 108 	lr = 0.00001 Train Loss = 0.04921 Val Loss = 0.02861 ACC_MAE = 0.97981 ACC_RMSE = 0.95127
Epoch 109 	lr = 0.00001 Train Loss = 0.04919 Val Loss = 0.02861 ACC_MAE = 0.97982 ACC_RMSE = 0.95127
Epoch 110 	lr = 0.00001 Train Loss = 0.04917 Val Loss = 0.02860 ACC_MAE = 0.97983 ACC_RMSE = 0.95128
Epoch 111 	lr = 0.00001 Train Loss = 0.04915 Val Loss = 0.02859 ACC_MAE = 0.97985 ACC_RMSE = 0.95129
Epoch 112 	lr = 0.00001 Train Loss = 0.04913 Val Loss = 0.02858 ACC_MAE = 0.97986 ACC_RMSE = 0.95129
Epoch 113 	lr = 0.00001 Train Loss = 0.04911 Val Loss = 0.02858 ACC_MAE = 0.97987 ACC_RMSE = 0.95130
Epoch 114 	lr = 0.00001 Train Loss = 0.04909 Val Loss = 0.02857 ACC_MAE = 0.97988 ACC_RMSE = 0.95130
Epoch 115 	lr = 0.00001 Train Loss = 0.04907 Val Loss = 0.02856 ACC_MAE = 0.97989 ACC_RMSE = 0.95131
Epoch 116 	lr = 0.00001 Train Loss = 0.04905 Val Loss = 0.02856 ACC_MAE = 0.97990 ACC_RMSE = 0.95132
Epoch 117 	lr = 0.00001 Train Loss = 0.04903 Val Loss = 0.02855 ACC_MAE = 0.97992 ACC_RMSE = 0.95132
Epoch 118 	lr = 0.00001 Train Loss = 0.04901 Val Loss = 0.02854 ACC_MAE = 0.97993 ACC_RMSE = 0.95133
Epoch 119 	lr = 0.00001 Train Loss = 0.04899 Val Loss = 0.02854 ACC_MAE = 0.97994 ACC_RMSE = 0.95133
Epoch 120 	lr = 0.00001 Train Loss = 0.04897 Val Loss = 0.02853 ACC_MAE = 0.97995 ACC_RMSE = 0.95134
Epoch 121 	lr = 0.00001 Train Loss = 0.04895 Val Loss = 0.02852 ACC_MAE = 0.97996 ACC_RMSE = 0.95134
Epoch 122 	lr = 0.00001 Train Loss = 0.04894 Val Loss = 0.02852 ACC_MAE = 0.97997 ACC_RMSE = 0.95135
Epoch 123 	lr = 0.00001 Train Loss = 0.04892 Val Loss = 0.02851 ACC_MAE = 0.97998 ACC_RMSE = 0.95135
Epoch 124 	lr = 0.00001 Train Loss = 0.04890 Val Loss = 0.02851 ACC_MAE = 0.97999 ACC_RMSE = 0.95136
Epoch 125 	lr = 0.00001 Train Loss = 0.04888 Val Loss = 0.02850 ACC_MAE = 0.98000 ACC_RMSE = 0.95136
Epoch 126 	lr = 0.00001 Train Loss = 0.04887 Val Loss = 0.02849 ACC_MAE = 0.98000 ACC_RMSE = 0.95137
Epoch 127 	lr = 0.00001 Train Loss = 0.04885 Val Loss = 0.02849 ACC_MAE = 0.98001 ACC_RMSE = 0.95137
Epoch 128 	lr = 0.00001 Train Loss = 0.04884 Val Loss = 0.02848 ACC_MAE = 0.98002 ACC_RMSE = 0.95138
Epoch 129 	lr = 0.00001 Train Loss = 0.04882 Val Loss = 0.02848 ACC_MAE = 0.98003 ACC_RMSE = 0.95138
Epoch 130 	lr = 0.00001 Train Loss = 0.04880 Val Loss = 0.02847 ACC_MAE = 0.98004 ACC_RMSE = 0.95139
Epoch 131 	lr = 0.00001 Train Loss = 0.04879 Val Loss = 0.02847 ACC_MAE = 0.98005 ACC_RMSE = 0.95139
Epoch 132 	lr = 0.00001 Train Loss = 0.04877 Val Loss = 0.02846 ACC_MAE = 0.98005 ACC_RMSE = 0.95140
Epoch 133 	lr = 0.00001 Train Loss = 0.04876 Val Loss = 0.02846 ACC_MAE = 0.98006 ACC_RMSE = 0.95140
Epoch 134 	lr = 0.00001 Train Loss = 0.04874 Val Loss = 0.02845 ACC_MAE = 0.98007 ACC_RMSE = 0.95141
Epoch 135 	lr = 0.00001 Train Loss = 0.04873 Val Loss = 0.02845 ACC_MAE = 0.98008 ACC_RMSE = 0.95141
Epoch 136 	lr = 0.00001 Train Loss = 0.04871 Val Loss = 0.02844 ACC_MAE = 0.98009 ACC_RMSE = 0.95141
Epoch 137 	lr = 0.00001 Train Loss = 0.04870 Val Loss = 0.02844 ACC_MAE = 0.98009 ACC_RMSE = 0.95142
Epoch 138 	lr = 0.00001 Train Loss = 0.04868 Val Loss = 0.02843 ACC_MAE = 0.98010 ACC_RMSE = 0.95142
Epoch 139 	lr = 0.00001 Train Loss = 0.04867 Val Loss = 0.02843 ACC_MAE = 0.98011 ACC_RMSE = 0.95143
Epoch 140 	lr = 0.00001 Train Loss = 0.04866 Val Loss = 0.02842 ACC_MAE = 0.98011 ACC_RMSE = 0.95143
Epoch 141 	lr = 0.00001 Train Loss = 0.04864 Val Loss = 0.02842 ACC_MAE = 0.98012 ACC_RMSE = 0.95143
Epoch 142 	lr = 0.00001 Train Loss = 0.04863 Val Loss = 0.02842 ACC_MAE = 0.98013 ACC_RMSE = 0.95144
Epoch 143 	lr = 0.00001 Train Loss = 0.04862 Val Loss = 0.02841 ACC_MAE = 0.98013 ACC_RMSE = 0.95144
Epoch 144 	lr = 0.00001 Train Loss = 0.04860 Val Loss = 0.02841 ACC_MAE = 0.98014 ACC_RMSE = 0.95144
Epoch 145 	lr = 0.00001 Train Loss = 0.04859 Val Loss = 0.02840 ACC_MAE = 0.98015 ACC_RMSE = 0.95145
Epoch 146 	lr = 0.00001 Train Loss = 0.04858 Val Loss = 0.02840 ACC_MAE = 0.98015 ACC_RMSE = 0.95145
Epoch 147 	lr = 0.00001 Train Loss = 0.04857 Val Loss = 0.02839 ACC_MAE = 0.98016 ACC_RMSE = 0.95146
Epoch 148 	lr = 0.00001 Train Loss = 0.04855 Val Loss = 0.02839 ACC_MAE = 0.98017 ACC_RMSE = 0.95146
Epoch 149 	lr = 0.00001 Train Loss = 0.04854 Val Loss = 0.02839 ACC_MAE = 0.98017 ACC_RMSE = 0.95146
Epoch 150 	lr = 0.00001 Train Loss = 0.04853 Val Loss = 0.02838 ACC_MAE = 0.98018 ACC_RMSE = 0.95147
Epoch 151 	lr = 0.00001 Train Loss = 0.04852 Val Loss = 0.02838 ACC_MAE = 0.98018 ACC_RMSE = 0.95147
Epoch 152 	lr = 0.00001 Train Loss = 0.04851 Val Loss = 0.02838 ACC_MAE = 0.98019 ACC_RMSE = 0.95147
Epoch 153 	lr = 0.00001 Train Loss = 0.04850 Val Loss = 0.02837 ACC_MAE = 0.98019 ACC_RMSE = 0.95148
Epoch 154 	lr = 0.00001 Train Loss = 0.04848 Val Loss = 0.02837 ACC_MAE = 0.98020 ACC_RMSE = 0.95148
Epoch 155 	lr = 0.00001 Train Loss = 0.04847 Val Loss = 0.02836 ACC_MAE = 0.98020 ACC_RMSE = 0.95148
Epoch 156 	lr = 0.00001 Train Loss = 0.04846 Val Loss = 0.02836 ACC_MAE = 0.98021 ACC_RMSE = 0.95149
Epoch 157 	lr = 0.00001 Train Loss = 0.04845 Val Loss = 0.02836 ACC_MAE = 0.98021 ACC_RMSE = 0.95149
Epoch 158 	lr = 0.00001 Train Loss = 0.04844 Val Loss = 0.02835 ACC_MAE = 0.98022 ACC_RMSE = 0.95149
Epoch 159 	lr = 0.00001 Train Loss = 0.04843 Val Loss = 0.02835 ACC_MAE = 0.98022 ACC_RMSE = 0.95149
Epoch 160 	lr = 0.00001 Train Loss = 0.04842 Val Loss = 0.02835 ACC_MAE = 0.98023 ACC_RMSE = 0.95150
Epoch 161 	lr = 0.00001 Train Loss = 0.04841 Val Loss = 0.02834 ACC_MAE = 0.98023 ACC_RMSE = 0.95150
Epoch 162 	lr = 0.00001 Train Loss = 0.04840 Val Loss = 0.02834 ACC_MAE = 0.98024 ACC_RMSE = 0.95150
Epoch 163 	lr = 0.00001 Train Loss = 0.04839 Val Loss = 0.02834 ACC_MAE = 0.98024 ACC_RMSE = 0.95151
Epoch 164 	lr = 0.00001 Train Loss = 0.04838 Val Loss = 0.02833 ACC_MAE = 0.98024 ACC_RMSE = 0.95151
Epoch 165 	lr = 0.00001 Train Loss = 0.04837 Val Loss = 0.02833 ACC_MAE = 0.98025 ACC_RMSE = 0.95151
Epoch 166 	lr = 0.00001 Train Loss = 0.04836 Val Loss = 0.02833 ACC_MAE = 0.98025 ACC_RMSE = 0.95151
Epoch 167 	lr = 0.00001 Train Loss = 0.04835 Val Loss = 0.02832 ACC_MAE = 0.98026 ACC_RMSE = 0.95152
Epoch 168 	lr = 0.00001 Train Loss = 0.04834 Val Loss = 0.02832 ACC_MAE = 0.98026 ACC_RMSE = 0.95152
Epoch 169 	lr = 0.00001 Train Loss = 0.04833 Val Loss = 0.02832 ACC_MAE = 0.98026 ACC_RMSE = 0.95152
Epoch 170 	lr = 0.00001 Train Loss = 0.04833 Val Loss = 0.02831 ACC_MAE = 0.98027 ACC_RMSE = 0.95153
Epoch 171 	lr = 0.00001 Train Loss = 0.04832 Val Loss = 0.02831 ACC_MAE = 0.98027 ACC_RMSE = 0.95153
Epoch 172 	lr = 0.00001 Train Loss = 0.04831 Val Loss = 0.02831 ACC_MAE = 0.98027 ACC_RMSE = 0.95153
Epoch 173 	lr = 0.00001 Train Loss = 0.04830 Val Loss = 0.02831 ACC_MAE = 0.98028 ACC_RMSE = 0.95153
Epoch 174 	lr = 0.00001 Train Loss = 0.04829 Val Loss = 0.02830 ACC_MAE = 0.98028 ACC_RMSE = 0.95154
Epoch 175 	lr = 0.00001 Train Loss = 0.04828 Val Loss = 0.02830 ACC_MAE = 0.98028 ACC_RMSE = 0.95154
Epoch 176 	lr = 0.00001 Train Loss = 0.04827 Val Loss = 0.02830 ACC_MAE = 0.98029 ACC_RMSE = 0.95154
Epoch 177 	lr = 0.00001 Train Loss = 0.04827 Val Loss = 0.02829 ACC_MAE = 0.98029 ACC_RMSE = 0.95154
Epoch 178 	lr = 0.00001 Train Loss = 0.04826 Val Loss = 0.02829 ACC_MAE = 0.98029 ACC_RMSE = 0.95155
Epoch 179 	lr = 0.00001 Train Loss = 0.04825 Val Loss = 0.02829 ACC_MAE = 0.98029 ACC_RMSE = 0.95155
Epoch 180 	lr = 0.00001 Train Loss = 0.04824 Val Loss = 0.02829 ACC_MAE = 0.98030 ACC_RMSE = 0.95155
Epoch 181 	lr = 0.00001 Train Loss = 0.04823 Val Loss = 0.02828 ACC_MAE = 0.98030 ACC_RMSE = 0.95155
Epoch 182 	lr = 0.00001 Train Loss = 0.04823 Val Loss = 0.02828 ACC_MAE = 0.98030 ACC_RMSE = 0.95156
Epoch 183 	lr = 0.00001 Train Loss = 0.04822 Val Loss = 0.02828 ACC_MAE = 0.98031 ACC_RMSE = 0.95156
Epoch 184 	lr = 0.00001 Train Loss = 0.04821 Val Loss = 0.02828 ACC_MAE = 0.98031 ACC_RMSE = 0.95156
Epoch 185 	lr = 0.00001 Train Loss = 0.04820 Val Loss = 0.02827 ACC_MAE = 0.98031 ACC_RMSE = 0.95156
Epoch 186 	lr = 0.00001 Train Loss = 0.04820 Val Loss = 0.02827 ACC_MAE = 0.98031 ACC_RMSE = 0.95156
Epoch 187 	lr = 0.00001 Train Loss = 0.04819 Val Loss = 0.02827 ACC_MAE = 0.98032 ACC_RMSE = 0.95157
Epoch 188 	lr = 0.00001 Train Loss = 0.04818 Val Loss = 0.02827 ACC_MAE = 0.98032 ACC_RMSE = 0.95157
Epoch 189 	lr = 0.00001 Train Loss = 0.04818 Val Loss = 0.02826 ACC_MAE = 0.98032 ACC_RMSE = 0.95157
Epoch 190 	lr = 0.00001 Train Loss = 0.04817 Val Loss = 0.02826 ACC_MAE = 0.98032 ACC_RMSE = 0.95157
Epoch 191 	lr = 0.00001 Train Loss = 0.04816 Val Loss = 0.02826 ACC_MAE = 0.98033 ACC_RMSE = 0.95158
Epoch 192 	lr = 0.00001 Train Loss = 0.04816 Val Loss = 0.02826 ACC_MAE = 0.98033 ACC_RMSE = 0.95158
Epoch 193 	lr = 0.00001 Train Loss = 0.04815 Val Loss = 0.02825 ACC_MAE = 0.98033 ACC_RMSE = 0.95158
Epoch 194 	lr = 0.00001 Train Loss = 0.04814 Val Loss = 0.02825 ACC_MAE = 0.98033 ACC_RMSE = 0.95158
Epoch 195 	lr = 0.00001 Train Loss = 0.04814 Val Loss = 0.02825 ACC_MAE = 0.98034 ACC_RMSE = 0.95158
Epoch 196 	lr = 0.00001 Train Loss = 0.04813 Val Loss = 0.02825 ACC_MAE = 0.98034 ACC_RMSE = 0.95159
Epoch 197 	lr = 0.00001 Train Loss = 0.04812 Val Loss = 0.02825 ACC_MAE = 0.98034 ACC_RMSE = 0.95159
Epoch 198 	lr = 0.00001 Train Loss = 0.04812 Val Loss = 0.02824 ACC_MAE = 0.98034 ACC_RMSE = 0.95159
Epoch 199 	lr = 0.00001 Train Loss = 0.04811 Val Loss = 0.02824 ACC_MAE = 0.98034 ACC_RMSE = 0.95159
Epoch 200 	lr = 0.00001 Train Loss = 0.04810 Val Loss = 0.02824 ACC_MAE = 0.98034 ACC_RMSE = 0.95159
Early stopping at epoch: 200
Best at epoch 200

Model checkpoint saved to: ../saved_models/DLinear/DLinear-SKIPPD-336-1-2026-05-30-21-12-04.pt
--------- Test ---------
All Steps (1-1) MAE = 0.75825, RMSE = 1.70492, ACC_MAE = 0.97481, ACC_RMSE = 0.94336
Inference time: 0.11 s
