SKIPPD
Trainset:	x-(21453, 336, 1, 1)	y-(21453, 288, 1, 1)
Valset:  	x-(2165, 336, 1, 1)  	y-(2165, 288, 1, 1)
Testset:	x-(10225, 336, 1, 1)	y-(10225, 288, 1, 1)
INFO: Using scaled X and Y, only for LTSF!

Random seed = 2026
--------- DLinear ---------
{
    "num_nodes": 1,
    "in_steps": 336,
    "out_steps": 288,
    "lr": 0.0001,
    "weight_decay": 0,
    "milestones": [],
    "lr_decay_rate": 0.1,
    "clip_grad": 0,
    "batch_size": 64,
    "max_epochs": 200,
    "cap": 30.1,
    "dataloader": "ltsf",
    "runner": "ltsf",
    "loss": "mae",
    "model_args": {
        "enc_in": 1,
        "seq_len": 336,
        "pred_len": 288,
        "individual": false
    }
}
==========================================================================================
Layer (type:depth-idx)                   Output Shape              Param #
==========================================================================================
DLinear                                  [64, 288, 1, 1]           --
├─series_decomp: 1-1                     [64, 336, 1]              --
│    └─moving_avg: 2-1                   [64, 336, 1]              --
│    │    └─AvgPool1d: 3-1               [64, 1, 336]              --
├─Linear: 1-2                            [64, 1, 288]              97,056
├─Linear: 1-3                            [64, 1, 288]              97,056
==========================================================================================
Total params: 194,112
Trainable params: 194,112
Non-trainable params: 0
Total mult-adds (Units.MEGABYTES): 12.42
==========================================================================================
Input size (MB): 0.09
Forward/backward pass size (MB): 0.29
Params size (MB): 0.78
Estimated Total Size (MB): 1.16
==========================================================================================

Loss: L1Loss

Epoch 1 	lr = 0.00010 Train Loss = 0.36926 Val Loss = 0.18400 ACC_MAE = 0.94705 ACC_RMSE = 0.90831
Epoch 2 	lr = 0.00010 Train Loss = 0.26924 Val Loss = 0.16657 ACC_MAE = 0.95205 ACC_RMSE = 0.91087
Epoch 3 	lr = 0.00010 Train Loss = 0.25051 Val Loss = 0.15655 ACC_MAE = 0.95493 ACC_RMSE = 0.91182
Epoch 4 	lr = 0.00010 Train Loss = 0.24002 Val Loss = 0.15028 ACC_MAE = 0.95673 ACC_RMSE = 0.91220
Epoch 5 	lr = 0.00010 Train Loss = 0.23292 Val Loss = 0.14626 ACC_MAE = 0.95789 ACC_RMSE = 0.91234
Epoch 6 	lr = 0.00010 Train Loss = 0.22745 Val Loss = 0.14370 ACC_MAE = 0.95862 ACC_RMSE = 0.91234
Epoch 7 	lr = 0.00010 Train Loss = 0.22304 Val Loss = 0.14210 ACC_MAE = 0.95908 ACC_RMSE = 0.91226
Epoch 8 	lr = 0.00010 Train Loss = 0.21940 Val Loss = 0.14102 ACC_MAE = 0.95938 ACC_RMSE = 0.91212
Epoch 9 	lr = 0.00010 Train Loss = 0.21642 Val Loss = 0.14025 ACC_MAE = 0.95960 ACC_RMSE = 0.91195
Epoch 10 	lr = 0.00010 Train Loss = 0.21402 Val Loss = 0.13959 ACC_MAE = 0.95979 ACC_RMSE = 0.91177
Epoch 11 	lr = 0.00010 Train Loss = 0.21214 Val Loss = 0.13906 ACC_MAE = 0.95994 ACC_RMSE = 0.91158
Epoch 12 	lr = 0.00010 Train Loss = 0.21067 Val Loss = 0.13870 ACC_MAE = 0.96004 ACC_RMSE = 0.91141
Epoch 13 	lr = 0.00010 Train Loss = 0.20958 Val Loss = 0.13837 ACC_MAE = 0.96014 ACC_RMSE = 0.91124
Epoch 14 	lr = 0.00010 Train Loss = 0.20869 Val Loss = 0.13801 ACC_MAE = 0.96024 ACC_RMSE = 0.91108
Epoch 15 	lr = 0.00010 Train Loss = 0.20802 Val Loss = 0.13785 ACC_MAE = 0.96029 ACC_RMSE = 0.91094
Epoch 16 	lr = 0.00010 Train Loss = 0.20749 Val Loss = 0.13767 ACC_MAE = 0.96034 ACC_RMSE = 0.91079
Epoch 17 	lr = 0.00010 Train Loss = 0.20705 Val Loss = 0.13765 ACC_MAE = 0.96034 ACC_RMSE = 0.91067
Epoch 18 	lr = 0.00010 Train Loss = 0.20671 Val Loss = 0.13750 ACC_MAE = 0.96038 ACC_RMSE = 0.91054
Epoch 19 	lr = 0.00010 Train Loss = 0.20638 Val Loss = 0.13752 ACC_MAE = 0.96038 ACC_RMSE = 0.91044
Epoch 20 	lr = 0.00010 Train Loss = 0.20613 Val Loss = 0.13746 ACC_MAE = 0.96040 ACC_RMSE = 0.91034
Epoch 21 	lr = 0.00010 Train Loss = 0.20592 Val Loss = 0.13740 ACC_MAE = 0.96041 ACC_RMSE = 0.91024
Epoch 22 	lr = 0.00010 Train Loss = 0.20572 Val Loss = 0.13739 ACC_MAE = 0.96041 ACC_RMSE = 0.91014
Epoch 23 	lr = 0.00010 Train Loss = 0.20559 Val Loss = 0.13732 ACC_MAE = 0.96043 ACC_RMSE = 0.91005
Epoch 24 	lr = 0.00010 Train Loss = 0.20541 Val Loss = 0.13738 ACC_MAE = 0.96042 ACC_RMSE = 0.90998
Epoch 25 	lr = 0.00010 Train Loss = 0.20530 Val Loss = 0.13735 ACC_MAE = 0.96043 ACC_RMSE = 0.90991
Epoch 26 	lr = 0.00010 Train Loss = 0.20516 Val Loss = 0.13730 ACC_MAE = 0.96044 ACC_RMSE = 0.90983
Epoch 27 	lr = 0.00010 Train Loss = 0.20507 Val Loss = 0.13729 ACC_MAE = 0.96044 ACC_RMSE = 0.90977
Epoch 28 	lr = 0.00010 Train Loss = 0.20500 Val Loss = 0.13722 ACC_MAE = 0.96046 ACC_RMSE = 0.90970
Epoch 29 	lr = 0.00010 Train Loss = 0.20492 Val Loss = 0.13731 ACC_MAE = 0.96044 ACC_RMSE = 0.90964
Epoch 30 	lr = 0.00010 Train Loss = 0.20487 Val Loss = 0.13721 ACC_MAE = 0.96046 ACC_RMSE = 0.90958
Epoch 31 	lr = 0.00010 Train Loss = 0.20482 Val Loss = 0.13720 ACC_MAE = 0.96047 ACC_RMSE = 0.90954
Epoch 32 	lr = 0.00010 Train Loss = 0.20472 Val Loss = 0.13719 ACC_MAE = 0.96047 ACC_RMSE = 0.90949
Epoch 33 	lr = 0.00010 Train Loss = 0.20470 Val Loss = 0.13725 ACC_MAE = 0.96045 ACC_RMSE = 0.90945
Epoch 34 	lr = 0.00010 Train Loss = 0.20463 Val Loss = 0.13717 ACC_MAE = 0.96047 ACC_RMSE = 0.90941
Epoch 35 	lr = 0.00010 Train Loss = 0.20460 Val Loss = 0.13723 ACC_MAE = 0.96046 ACC_RMSE = 0.90937
Epoch 36 	lr = 0.00010 Train Loss = 0.20457 Val Loss = 0.13727 ACC_MAE = 0.96045 ACC_RMSE = 0.90933
Epoch 37 	lr = 0.00010 Train Loss = 0.20450 Val Loss = 0.13725 ACC_MAE = 0.96045 ACC_RMSE = 0.90929
Epoch 38 	lr = 0.00010 Train Loss = 0.20450 Val Loss = 0.13724 ACC_MAE = 0.96046 ACC_RMSE = 0.90926
Epoch 39 	lr = 0.00010 Train Loss = 0.20444 Val Loss = 0.13727 ACC_MAE = 0.96045 ACC_RMSE = 0.90924
Epoch 40 	lr = 0.00010 Train Loss = 0.20442 Val Loss = 0.13725 ACC_MAE = 0.96045 ACC_RMSE = 0.90920
Epoch 41 	lr = 0.00010 Train Loss = 0.20442 Val Loss = 0.13713 ACC_MAE = 0.96049 ACC_RMSE = 0.90917
Epoch 42 	lr = 0.00010 Train Loss = 0.20438 Val Loss = 0.13718 ACC_MAE = 0.96047 ACC_RMSE = 0.90915
Epoch 43 	lr = 0.00010 Train Loss = 0.20435 Val Loss = 0.13716 ACC_MAE = 0.96048 ACC_RMSE = 0.90912
Epoch 44 	lr = 0.00010 Train Loss = 0.20435 Val Loss = 0.13721 ACC_MAE = 0.96046 ACC_RMSE = 0.90910
Epoch 45 	lr = 0.00010 Train Loss = 0.20435 Val Loss = 0.13719 ACC_MAE = 0.96047 ACC_RMSE = 0.90907
Epoch 46 	lr = 0.00010 Train Loss = 0.20429 Val Loss = 0.13713 ACC_MAE = 0.96049 ACC_RMSE = 0.90905
Epoch 47 	lr = 0.00010 Train Loss = 0.20425 Val Loss = 0.13721 ACC_MAE = 0.96046 ACC_RMSE = 0.90904
Epoch 48 	lr = 0.00010 Train Loss = 0.20426 Val Loss = 0.13723 ACC_MAE = 0.96046 ACC_RMSE = 0.90902
Epoch 49 	lr = 0.00010 Train Loss = 0.20424 Val Loss = 0.13722 ACC_MAE = 0.96046 ACC_RMSE = 0.90900
Epoch 50 	lr = 0.00010 Train Loss = 0.20424 Val Loss = 0.13715 ACC_MAE = 0.96048 ACC_RMSE = 0.90898
Epoch 51 	lr = 0.00010 Train Loss = 0.20421 Val Loss = 0.13719 ACC_MAE = 0.96047 ACC_RMSE = 0.90897
Epoch 52 	lr = 0.00010 Train Loss = 0.20419 Val Loss = 0.13710 ACC_MAE = 0.96049 ACC_RMSE = 0.90895
Epoch 53 	lr = 0.00010 Train Loss = 0.20418 Val Loss = 0.13719 ACC_MAE = 0.96047 ACC_RMSE = 0.90894
Epoch 54 	lr = 0.00010 Train Loss = 0.20419 Val Loss = 0.13719 ACC_MAE = 0.96047 ACC_RMSE = 0.90893
Epoch 55 	lr = 0.00010 Train Loss = 0.20419 Val Loss = 0.13719 ACC_MAE = 0.96047 ACC_RMSE = 0.90890
Epoch 56 	lr = 0.00010 Train Loss = 0.20417 Val Loss = 0.13714 ACC_MAE = 0.96048 ACC_RMSE = 0.90889
Epoch 57 	lr = 0.00010 Train Loss = 0.20414 Val Loss = 0.13716 ACC_MAE = 0.96048 ACC_RMSE = 0.90888
Epoch 58 	lr = 0.00010 Train Loss = 0.20414 Val Loss = 0.13725 ACC_MAE = 0.96045 ACC_RMSE = 0.90888
Epoch 59 	lr = 0.00010 Train Loss = 0.20411 Val Loss = 0.13726 ACC_MAE = 0.96045 ACC_RMSE = 0.90887
Epoch 60 	lr = 0.00010 Train Loss = 0.20412 Val Loss = 0.13712 ACC_MAE = 0.96049 ACC_RMSE = 0.90885
Epoch 61 	lr = 0.00010 Train Loss = 0.20412 Val Loss = 0.13721 ACC_MAE = 0.96046 ACC_RMSE = 0.90885
Epoch 62 	lr = 0.00010 Train Loss = 0.20412 Val Loss = 0.13715 ACC_MAE = 0.96048 ACC_RMSE = 0.90884
Epoch 63 	lr = 0.00010 Train Loss = 0.20411 Val Loss = 0.13716 ACC_MAE = 0.96048 ACC_RMSE = 0.90882
Epoch 64 	lr = 0.00010 Train Loss = 0.20411 Val Loss = 0.13714 ACC_MAE = 0.96048 ACC_RMSE = 0.90882
Epoch 65 	lr = 0.00010 Train Loss = 0.20410 Val Loss = 0.13715 ACC_MAE = 0.96048 ACC_RMSE = 0.90881
Epoch 66 	lr = 0.00010 Train Loss = 0.20407 Val Loss = 0.13719 ACC_MAE = 0.96047 ACC_RMSE = 0.90882
Epoch 67 	lr = 0.00010 Train Loss = 0.20408 Val Loss = 0.13723 ACC_MAE = 0.96046 ACC_RMSE = 0.90880
Epoch 68 	lr = 0.00010 Train Loss = 0.20408 Val Loss = 0.13715 ACC_MAE = 0.96048 ACC_RMSE = 0.90878
Epoch 69 	lr = 0.00010 Train Loss = 0.20406 Val Loss = 0.13716 ACC_MAE = 0.96048 ACC_RMSE = 0.90878
Epoch 70 	lr = 0.00010 Train Loss = 0.20409 Val Loss = 0.13715 ACC_MAE = 0.96048 ACC_RMSE = 0.90877
Epoch 71 	lr = 0.00010 Train Loss = 0.20407 Val Loss = 0.13713 ACC_MAE = 0.96049 ACC_RMSE = 0.90876
Epoch 72 	lr = 0.00010 Train Loss = 0.20404 Val Loss = 0.13720 ACC_MAE = 0.96046 ACC_RMSE = 0.90877
Early stopping at epoch: 72
Best at epoch 52

Model checkpoint saved to: ../saved_models/DLinear/DLinear-SKIPPD-336-288-2026-05-30-20-54-10.pt
--------- Test ---------
All Steps (1-288) MAE = 1.41490, RMSE = 3.15652, ACC_MAE = 0.95299, ACC_RMSE = 0.89513
Inference time: 0.12 s
