SKIPPD
Trainset:	x-(21740, 336, 1, 1)	y-(21740, 1, 1, 1)
Valset:  	x-(2452, 336, 1, 1)  	y-(2452, 1, 1, 1)
Testset:	x-(10512, 336, 1, 1)	y-(10512, 1, 1, 1)
INFO: Using scaled X and Y, only for LTSF!

Random seed = 2026
--------- DLinear ---------
{
    "num_nodes": 1,
    "in_steps": 336,
    "out_steps": 1,
    "lr": 0.0001,
    "weight_decay": 0,
    "milestones": [],
    "lr_decay_rate": 0.1,
    "clip_grad": 0,
    "batch_size": 64,
    "max_epochs": 200,
    "cap": 30.1,
    "dataloader": "ltsf",
    "runner": "ltsf",
    "loss": "mae",
    "model_args": {
        "enc_in": 1,
        "seq_len": 336,
        "pred_len": 1,
        "individual": false
    }
}
==========================================================================================
Layer (type:depth-idx)                   Output Shape              Param #
==========================================================================================
DLinear                                  [64, 1, 1, 1]             --
├─series_decomp: 1-1                     [64, 336, 1]              --
│    └─moving_avg: 2-1                   [64, 336, 1]              --
│    │    └─AvgPool1d: 3-1               [64, 1, 336]              --
├─Linear: 1-2                            [64, 1, 1]                337
├─Linear: 1-3                            [64, 1, 1]                337
==========================================================================================
Total params: 674
Trainable params: 674
Non-trainable params: 0
Total mult-adds (Units.MEGABYTES): 0.04
==========================================================================================
Input size (MB): 0.09
Forward/backward pass size (MB): 0.00
Params size (MB): 0.00
Estimated Total Size (MB): 0.09
==========================================================================================

Loss: L1Loss

Epoch 1 	lr = 0.00010 Train Loss = 0.30946 Val Loss = 0.16749 ACC_MAE = 0.95213 ACC_RMSE = 0.91844
Epoch 2 	lr = 0.00010 Train Loss = 0.22005 Val Loss = 0.14566 ACC_MAE = 0.95840 ACC_RMSE = 0.92488
Epoch 3 	lr = 0.00010 Train Loss = 0.19234 Val Loss = 0.13189 ACC_MAE = 0.96236 ACC_RMSE = 0.92925
Epoch 4 	lr = 0.00010 Train Loss = 0.17362 Val Loss = 0.12235 ACC_MAE = 0.96514 ACC_RMSE = 0.93274
Epoch 5 	lr = 0.00010 Train Loss = 0.15834 Val Loss = 0.11347 ACC_MAE = 0.96771 ACC_RMSE = 0.93564
Epoch 6 	lr = 0.00010 Train Loss = 0.14546 Val Loss = 0.10472 ACC_MAE = 0.97023 ACC_RMSE = 0.93825
Epoch 7 	lr = 0.00010 Train Loss = 0.13429 Val Loss = 0.09795 ACC_MAE = 0.97218 ACC_RMSE = 0.94041
Epoch 8 	lr = 0.00010 Train Loss = 0.12438 Val Loss = 0.08987 ACC_MAE = 0.97450 ACC_RMSE = 0.94240
Epoch 9 	lr = 0.00010 Train Loss = 0.11613 Val Loss = 0.08543 ACC_MAE = 0.97578 ACC_RMSE = 0.94404
Epoch 10 	lr = 0.00010 Train Loss = 0.10999 Val Loss = 0.08109 ACC_MAE = 0.97703 ACC_RMSE = 0.94542
Epoch 11 	lr = 0.00010 Train Loss = 0.10448 Val Loss = 0.07690 ACC_MAE = 0.97823 ACC_RMSE = 0.94661
Epoch 12 	lr = 0.00010 Train Loss = 0.10019 Val Loss = 0.07489 ACC_MAE = 0.97883 ACC_RMSE = 0.94766
Epoch 13 	lr = 0.00010 Train Loss = 0.09623 Val Loss = 0.07527 ACC_MAE = 0.97873 ACC_RMSE = 0.94840
Epoch 14 	lr = 0.00010 Train Loss = 0.09376 Val Loss = 0.07014 ACC_MAE = 0.98022 ACC_RMSE = 0.94923
Epoch 15 	lr = 0.00010 Train Loss = 0.09154 Val Loss = 0.06899 ACC_MAE = 0.98056 ACC_RMSE = 0.94984
Epoch 16 	lr = 0.00010 Train Loss = 0.08947 Val Loss = 0.06710 ACC_MAE = 0.98110 ACC_RMSE = 0.95038
Epoch 17 	lr = 0.00010 Train Loss = 0.08718 Val Loss = 0.06607 ACC_MAE = 0.98141 ACC_RMSE = 0.95083
Epoch 18 	lr = 0.00010 Train Loss = 0.08639 Val Loss = 0.06453 ACC_MAE = 0.98185 ACC_RMSE = 0.95119
Epoch 19 	lr = 0.00010 Train Loss = 0.08471 Val Loss = 0.06400 ACC_MAE = 0.98201 ACC_RMSE = 0.95145
Epoch 20 	lr = 0.00010 Train Loss = 0.08410 Val Loss = 0.06315 ACC_MAE = 0.98225 ACC_RMSE = 0.95168
Epoch 21 	lr = 0.00010 Train Loss = 0.08287 Val Loss = 0.06200 ACC_MAE = 0.98258 ACC_RMSE = 0.95184
Epoch 22 	lr = 0.00010 Train Loss = 0.08224 Val Loss = 0.06093 ACC_MAE = 0.98289 ACC_RMSE = 0.95195
Epoch 23 	lr = 0.00010 Train Loss = 0.08130 Val Loss = 0.06077 ACC_MAE = 0.98294 ACC_RMSE = 0.95204
Epoch 24 	lr = 0.00010 Train Loss = 0.08015 Val Loss = 0.06025 ACC_MAE = 0.98307 ACC_RMSE = 0.95211
Epoch 25 	lr = 0.00010 Train Loss = 0.07968 Val Loss = 0.05986 ACC_MAE = 0.98319 ACC_RMSE = 0.95217
Epoch 26 	lr = 0.00010 Train Loss = 0.08098 Val Loss = 0.05946 ACC_MAE = 0.98331 ACC_RMSE = 0.95219
Epoch 27 	lr = 0.00010 Train Loss = 0.08062 Val Loss = 0.05841 ACC_MAE = 0.98360 ACC_RMSE = 0.95222
Epoch 28 	lr = 0.00010 Train Loss = 0.08025 Val Loss = 0.05808 ACC_MAE = 0.98370 ACC_RMSE = 0.95224
Epoch 29 	lr = 0.00010 Train Loss = 0.07921 Val Loss = 0.05779 ACC_MAE = 0.98377 ACC_RMSE = 0.95224
Epoch 30 	lr = 0.00010 Train Loss = 0.08010 Val Loss = 0.05760 ACC_MAE = 0.98383 ACC_RMSE = 0.95224
Epoch 31 	lr = 0.00010 Train Loss = 0.07813 Val Loss = 0.05785 ACC_MAE = 0.98375 ACC_RMSE = 0.95222
Epoch 32 	lr = 0.00010 Train Loss = 0.07872 Val Loss = 0.05771 ACC_MAE = 0.98379 ACC_RMSE = 0.95222
Epoch 33 	lr = 0.00010 Train Loss = 0.07887 Val Loss = 0.05693 ACC_MAE = 0.98401 ACC_RMSE = 0.95221
Epoch 34 	lr = 0.00010 Train Loss = 0.07848 Val Loss = 0.05674 ACC_MAE = 0.98407 ACC_RMSE = 0.95220
Epoch 35 	lr = 0.00010 Train Loss = 0.07885 Val Loss = 0.05721 ACC_MAE = 0.98393 ACC_RMSE = 0.95217
Epoch 36 	lr = 0.00010 Train Loss = 0.07906 Val Loss = 0.05587 ACC_MAE = 0.98431 ACC_RMSE = 0.95218
Epoch 37 	lr = 0.00010 Train Loss = 0.07759 Val Loss = 0.05575 ACC_MAE = 0.98435 ACC_RMSE = 0.95214
Epoch 38 	lr = 0.00010 Train Loss = 0.07846 Val Loss = 0.05750 ACC_MAE = 0.98384 ACC_RMSE = 0.95206
Epoch 39 	lr = 0.00010 Train Loss = 0.07839 Val Loss = 0.05572 ACC_MAE = 0.98436 ACC_RMSE = 0.95206
Epoch 40 	lr = 0.00010 Train Loss = 0.07767 Val Loss = 0.05709 ACC_MAE = 0.98396 ACC_RMSE = 0.95201
Epoch 41 	lr = 0.00010 Train Loss = 0.07899 Val Loss = 0.05539 ACC_MAE = 0.98444 ACC_RMSE = 0.95202
Epoch 42 	lr = 0.00010 Train Loss = 0.07855 Val Loss = 0.05548 ACC_MAE = 0.98442 ACC_RMSE = 0.95202
Epoch 43 	lr = 0.00010 Train Loss = 0.07813 Val Loss = 0.05521 ACC_MAE = 0.98449 ACC_RMSE = 0.95202
Epoch 44 	lr = 0.00010 Train Loss = 0.07807 Val Loss = 0.05546 ACC_MAE = 0.98442 ACC_RMSE = 0.95199
Epoch 45 	lr = 0.00010 Train Loss = 0.07770 Val Loss = 0.05534 ACC_MAE = 0.98446 ACC_RMSE = 0.95195
Epoch 46 	lr = 0.00010 Train Loss = 0.07780 Val Loss = 0.05551 ACC_MAE = 0.98439 ACC_RMSE = 0.95195
Epoch 47 	lr = 0.00010 Train Loss = 0.07838 Val Loss = 0.05548 ACC_MAE = 0.98441 ACC_RMSE = 0.95192
Epoch 48 	lr = 0.00010 Train Loss = 0.07767 Val Loss = 0.05509 ACC_MAE = 0.98452 ACC_RMSE = 0.95191
Epoch 49 	lr = 0.00010 Train Loss = 0.07734 Val Loss = 0.05489 ACC_MAE = 0.98458 ACC_RMSE = 0.95189
Epoch 50 	lr = 0.00010 Train Loss = 0.07705 Val Loss = 0.05453 ACC_MAE = 0.98469 ACC_RMSE = 0.95187
Epoch 51 	lr = 0.00010 Train Loss = 0.07837 Val Loss = 0.05440 ACC_MAE = 0.98473 ACC_RMSE = 0.95185
Epoch 52 	lr = 0.00010 Train Loss = 0.07662 Val Loss = 0.05455 ACC_MAE = 0.98468 ACC_RMSE = 0.95184
Epoch 53 	lr = 0.00010 Train Loss = 0.07782 Val Loss = 0.05535 ACC_MAE = 0.98445 ACC_RMSE = 0.95180
Epoch 54 	lr = 0.00010 Train Loss = 0.07808 Val Loss = 0.05433 ACC_MAE = 0.98474 ACC_RMSE = 0.95181
Epoch 55 	lr = 0.00010 Train Loss = 0.07879 Val Loss = 0.05462 ACC_MAE = 0.98466 ACC_RMSE = 0.95182
Epoch 56 	lr = 0.00010 Train Loss = 0.07825 Val Loss = 0.05452 ACC_MAE = 0.98469 ACC_RMSE = 0.95178
Epoch 57 	lr = 0.00010 Train Loss = 0.07843 Val Loss = 0.05498 ACC_MAE = 0.98456 ACC_RMSE = 0.95177
Epoch 58 	lr = 0.00010 Train Loss = 0.07741 Val Loss = 0.05421 ACC_MAE = 0.98478 ACC_RMSE = 0.95176
Epoch 59 	lr = 0.00010 Train Loss = 0.07731 Val Loss = 0.05501 ACC_MAE = 0.98455 ACC_RMSE = 0.95176
Epoch 60 	lr = 0.00010 Train Loss = 0.07793 Val Loss = 0.05429 ACC_MAE = 0.98476 ACC_RMSE = 0.95174
Epoch 61 	lr = 0.00010 Train Loss = 0.07802 Val Loss = 0.05447 ACC_MAE = 0.98470 ACC_RMSE = 0.95174
Epoch 62 	lr = 0.00010 Train Loss = 0.07748 Val Loss = 0.05446 ACC_MAE = 0.98471 ACC_RMSE = 0.95173
Epoch 63 	lr = 0.00010 Train Loss = 0.07795 Val Loss = 0.05460 ACC_MAE = 0.98467 ACC_RMSE = 0.95170
Epoch 64 	lr = 0.00010 Train Loss = 0.07758 Val Loss = 0.05611 ACC_MAE = 0.98423 ACC_RMSE = 0.95167
Epoch 65 	lr = 0.00010 Train Loss = 0.07856 Val Loss = 0.05443 ACC_MAE = 0.98472 ACC_RMSE = 0.95171
Epoch 66 	lr = 0.00010 Train Loss = 0.07764 Val Loss = 0.05459 ACC_MAE = 0.98467 ACC_RMSE = 0.95170
Epoch 67 	lr = 0.00010 Train Loss = 0.07707 Val Loss = 0.05451 ACC_MAE = 0.98469 ACC_RMSE = 0.95169
Epoch 68 	lr = 0.00010 Train Loss = 0.07729 Val Loss = 0.05459 ACC_MAE = 0.98466 ACC_RMSE = 0.95166
Epoch 69 	lr = 0.00010 Train Loss = 0.07739 Val Loss = 0.05418 ACC_MAE = 0.98479 ACC_RMSE = 0.95165
Epoch 70 	lr = 0.00010 Train Loss = 0.07807 Val Loss = 0.05446 ACC_MAE = 0.98470 ACC_RMSE = 0.95168
Epoch 71 	lr = 0.00010 Train Loss = 0.07744 Val Loss = 0.05429 ACC_MAE = 0.98475 ACC_RMSE = 0.95166
Epoch 72 	lr = 0.00010 Train Loss = 0.07822 Val Loss = 0.05470 ACC_MAE = 0.98463 ACC_RMSE = 0.95165
Epoch 73 	lr = 0.00010 Train Loss = 0.07703 Val Loss = 0.05503 ACC_MAE = 0.98454 ACC_RMSE = 0.95164
Epoch 74 	lr = 0.00010 Train Loss = 0.07738 Val Loss = 0.05429 ACC_MAE = 0.98476 ACC_RMSE = 0.95163
Epoch 75 	lr = 0.00010 Train Loss = 0.07868 Val Loss = 0.05467 ACC_MAE = 0.98464 ACC_RMSE = 0.95167
Epoch 76 	lr = 0.00010 Train Loss = 0.07819 Val Loss = 0.05446 ACC_MAE = 0.98470 ACC_RMSE = 0.95165
Epoch 77 	lr = 0.00010 Train Loss = 0.07717 Val Loss = 0.05444 ACC_MAE = 0.98470 ACC_RMSE = 0.95163
Epoch 78 	lr = 0.00010 Train Loss = 0.07776 Val Loss = 0.05486 ACC_MAE = 0.98459 ACC_RMSE = 0.95162
Epoch 79 	lr = 0.00010 Train Loss = 0.07809 Val Loss = 0.05459 ACC_MAE = 0.98466 ACC_RMSE = 0.95163
Epoch 80 	lr = 0.00010 Train Loss = 0.07730 Val Loss = 0.05515 ACC_MAE = 0.98451 ACC_RMSE = 0.95158
Epoch 81 	lr = 0.00010 Train Loss = 0.07734 Val Loss = 0.05436 ACC_MAE = 0.98473 ACC_RMSE = 0.95161
Epoch 82 	lr = 0.00010 Train Loss = 0.07823 Val Loss = 0.05528 ACC_MAE = 0.98446 ACC_RMSE = 0.95160
Epoch 83 	lr = 0.00010 Train Loss = 0.07780 Val Loss = 0.05601 ACC_MAE = 0.98425 ACC_RMSE = 0.95156
Epoch 84 	lr = 0.00010 Train Loss = 0.07807 Val Loss = 0.05461 ACC_MAE = 0.98466 ACC_RMSE = 0.95159
Epoch 85 	lr = 0.00010 Train Loss = 0.07745 Val Loss = 0.05442 ACC_MAE = 0.98472 ACC_RMSE = 0.95161
Epoch 86 	lr = 0.00010 Train Loss = 0.07836 Val Loss = 0.05445 ACC_MAE = 0.98471 ACC_RMSE = 0.95159
Epoch 87 	lr = 0.00010 Train Loss = 0.07747 Val Loss = 0.05433 ACC_MAE = 0.98475 ACC_RMSE = 0.95160
Epoch 88 	lr = 0.00010 Train Loss = 0.07787 Val Loss = 0.05471 ACC_MAE = 0.98463 ACC_RMSE = 0.95159
Epoch 89 	lr = 0.00010 Train Loss = 0.07818 Val Loss = 0.05449 ACC_MAE = 0.98469 ACC_RMSE = 0.95160
Early stopping at epoch: 89
Best at epoch 69

Model checkpoint saved to: ../saved_models/DLinear/DLinear-SKIPPD-336-1-2026-05-30-20-49-40.pt
--------- Test ---------
All Steps (1-1) MAE = 0.58175, RMSE = 1.77354, ACC_MAE = 0.98067, ACC_RMSE = 0.94108
Inference time: 0.11 s
