SKIPPD
Trainset:	x-(21404, 672, 1, 1)	y-(21404, 1, 1, 1)
Valset:  	x-(2452, 672, 1, 1)  	y-(2452, 1, 1, 1)
Testset:	x-(10512, 672, 1, 1)	y-(10512, 1, 1, 1)
INFO: Using scaled X and Y, only for LTSF!

Random seed = 2026
--------- DLinear ---------
{
    "num_nodes": 1,
    "in_steps": 672,
    "out_steps": 1,
    "lr": 0.0001,
    "weight_decay": 0,
    "milestones": [],
    "lr_decay_rate": 0.1,
    "clip_grad": 0,
    "batch_size": 64,
    "max_epochs": 200,
    "cap": 30.1,
    "dataloader": "ltsf",
    "runner": "ltsf",
    "loss": "mae",
    "model_args": {
        "enc_in": 1,
        "seq_len": 672,
        "pred_len": 1,
        "individual": false
    }
}
==========================================================================================
Layer (type:depth-idx)                   Output Shape              Param #
==========================================================================================
DLinear                                  [64, 1, 1, 1]             --
├─series_decomp: 1-1                     [64, 672, 1]              --
│    └─moving_avg: 2-1                   [64, 672, 1]              --
│    │    └─AvgPool1d: 3-1               [64, 1, 672]              --
├─Linear: 1-2                            [64, 1, 1]                673
├─Linear: 1-3                            [64, 1, 1]                673
==========================================================================================
Total params: 1,346
Trainable params: 1,346
Non-trainable params: 0
Total mult-adds (Units.MEGABYTES): 0.09
==========================================================================================
Input size (MB): 0.17
Forward/backward pass size (MB): 0.00
Params size (MB): 0.01
Estimated Total Size (MB): 0.18
==========================================================================================

Loss: L1Loss

Epoch 1 	lr = 0.00010 Train Loss = 0.27419 Val Loss = 0.16133 ACC_MAE = 0.95496 ACC_RMSE = 0.92125
Epoch 2 	lr = 0.00010 Train Loss = 0.20831 Val Loss = 0.14337 ACC_MAE = 0.95990 ACC_RMSE = 0.92814
Epoch 3 	lr = 0.00010 Train Loss = 0.18245 Val Loss = 0.13022 ACC_MAE = 0.96351 ACC_RMSE = 0.93312
Epoch 4 	lr = 0.00010 Train Loss = 0.16457 Val Loss = 0.12120 ACC_MAE = 0.96594 ACC_RMSE = 0.93713
Epoch 5 	lr = 0.00010 Train Loss = 0.15089 Val Loss = 0.10962 ACC_MAE = 0.96913 ACC_RMSE = 0.94072
Epoch 6 	lr = 0.00010 Train Loss = 0.13975 Val Loss = 0.10024 ACC_MAE = 0.97171 ACC_RMSE = 0.94360
Epoch 7 	lr = 0.00010 Train Loss = 0.13033 Val Loss = 0.09446 ACC_MAE = 0.97331 ACC_RMSE = 0.94575
Epoch 8 	lr = 0.00010 Train Loss = 0.12262 Val Loss = 0.08867 ACC_MAE = 0.97494 ACC_RMSE = 0.94745
Epoch 9 	lr = 0.00010 Train Loss = 0.11635 Val Loss = 0.08556 ACC_MAE = 0.97579 ACC_RMSE = 0.94862
Epoch 10 	lr = 0.00010 Train Loss = 0.11166 Val Loss = 0.08388 ACC_MAE = 0.97625 ACC_RMSE = 0.94937
Epoch 11 	lr = 0.00010 Train Loss = 0.10663 Val Loss = 0.07844 ACC_MAE = 0.97783 ACC_RMSE = 0.95022
Epoch 12 	lr = 0.00010 Train Loss = 0.10251 Val Loss = 0.07708 ACC_MAE = 0.97822 ACC_RMSE = 0.95055
Epoch 13 	lr = 0.00010 Train Loss = 0.09960 Val Loss = 0.07414 ACC_MAE = 0.97907 ACC_RMSE = 0.95096
Epoch 14 	lr = 0.00010 Train Loss = 0.09625 Val Loss = 0.07828 ACC_MAE = 0.97785 ACC_RMSE = 0.95082
Epoch 15 	lr = 0.00010 Train Loss = 0.09392 Val Loss = 0.06680 ACC_MAE = 0.98121 ACC_RMSE = 0.95162
Epoch 16 	lr = 0.00010 Train Loss = 0.09325 Val Loss = 0.07029 ACC_MAE = 0.98017 ACC_RMSE = 0.95142
Epoch 17 	lr = 0.00010 Train Loss = 0.09163 Val Loss = 0.06780 ACC_MAE = 0.98089 ACC_RMSE = 0.95160
Epoch 18 	lr = 0.00010 Train Loss = 0.09042 Val Loss = 0.06501 ACC_MAE = 0.98170 ACC_RMSE = 0.95180
Epoch 19 	lr = 0.00010 Train Loss = 0.08938 Val Loss = 0.06270 ACC_MAE = 0.98237 ACC_RMSE = 0.95189
Epoch 20 	lr = 0.00010 Train Loss = 0.08947 Val Loss = 0.06444 ACC_MAE = 0.98186 ACC_RMSE = 0.95172
Epoch 21 	lr = 0.00010 Train Loss = 0.08746 Val Loss = 0.06051 ACC_MAE = 0.98300 ACC_RMSE = 0.95197
Epoch 22 	lr = 0.00010 Train Loss = 0.08662 Val Loss = 0.06211 ACC_MAE = 0.98253 ACC_RMSE = 0.95194
Epoch 23 	lr = 0.00010 Train Loss = 0.08821 Val Loss = 0.06308 ACC_MAE = 0.98223 ACC_RMSE = 0.95182
Epoch 24 	lr = 0.00010 Train Loss = 0.08803 Val Loss = 0.05821 ACC_MAE = 0.98366 ACC_RMSE = 0.95201
Epoch 25 	lr = 0.00010 Train Loss = 0.08575 Val Loss = 0.06504 ACC_MAE = 0.98164 ACC_RMSE = 0.95176
Epoch 26 	lr = 0.00010 Train Loss = 0.08687 Val Loss = 0.06025 ACC_MAE = 0.98306 ACC_RMSE = 0.95188
Epoch 27 	lr = 0.00010 Train Loss = 0.08314 Val Loss = 0.05796 ACC_MAE = 0.98372 ACC_RMSE = 0.95197
Epoch 28 	lr = 0.00010 Train Loss = 0.08334 Val Loss = 0.06082 ACC_MAE = 0.98287 ACC_RMSE = 0.95181
Epoch 29 	lr = 0.00010 Train Loss = 0.08553 Val Loss = 0.06667 ACC_MAE = 0.98115 ACC_RMSE = 0.95162
Epoch 30 	lr = 0.00010 Train Loss = 0.08524 Val Loss = 0.06147 ACC_MAE = 0.98269 ACC_RMSE = 0.95181
Epoch 31 	lr = 0.00010 Train Loss = 0.08501 Val Loss = 0.05902 ACC_MAE = 0.98338 ACC_RMSE = 0.95190
Epoch 32 	lr = 0.00010 Train Loss = 0.08519 Val Loss = 0.06100 ACC_MAE = 0.98283 ACC_RMSE = 0.95177
Epoch 33 	lr = 0.00010 Train Loss = 0.08321 Val Loss = 0.05797 ACC_MAE = 0.98369 ACC_RMSE = 0.95187
Epoch 34 	lr = 0.00010 Train Loss = 0.08434 Val Loss = 0.05842 ACC_MAE = 0.98356 ACC_RMSE = 0.95185
Epoch 35 	lr = 0.00010 Train Loss = 0.08507 Val Loss = 0.05777 ACC_MAE = 0.98373 ACC_RMSE = 0.95192
Epoch 36 	lr = 0.00010 Train Loss = 0.08474 Val Loss = 0.05783 ACC_MAE = 0.98371 ACC_RMSE = 0.95186
Epoch 37 	lr = 0.00010 Train Loss = 0.08220 Val Loss = 0.05876 ACC_MAE = 0.98344 ACC_RMSE = 0.95180
Epoch 38 	lr = 0.00010 Train Loss = 0.08221 Val Loss = 0.06536 ACC_MAE = 0.98149 ACC_RMSE = 0.95156
Epoch 39 	lr = 0.00010 Train Loss = 0.08440 Val Loss = 0.05739 ACC_MAE = 0.98385 ACC_RMSE = 0.95185
Epoch 40 	lr = 0.00010 Train Loss = 0.08215 Val Loss = 0.05669 ACC_MAE = 0.98406 ACC_RMSE = 0.95185
Epoch 41 	lr = 0.00010 Train Loss = 0.08369 Val Loss = 0.05975 ACC_MAE = 0.98319 ACC_RMSE = 0.95160
Epoch 42 	lr = 0.00010 Train Loss = 0.08404 Val Loss = 0.06085 ACC_MAE = 0.98282 ACC_RMSE = 0.95172
Epoch 43 	lr = 0.00010 Train Loss = 0.08149 Val Loss = 0.05812 ACC_MAE = 0.98365 ACC_RMSE = 0.95175
Epoch 44 	lr = 0.00010 Train Loss = 0.08280 Val Loss = 0.05732 ACC_MAE = 0.98386 ACC_RMSE = 0.95182
Epoch 45 	lr = 0.00010 Train Loss = 0.08344 Val Loss = 0.06167 ACC_MAE = 0.98259 ACC_RMSE = 0.95169
Epoch 46 	lr = 0.00010 Train Loss = 0.08354 Val Loss = 0.06142 ACC_MAE = 0.98270 ACC_RMSE = 0.95160
Epoch 47 	lr = 0.00010 Train Loss = 0.08206 Val Loss = 0.06359 ACC_MAE = 0.98202 ACC_RMSE = 0.95159
Epoch 48 	lr = 0.00010 Train Loss = 0.08350 Val Loss = 0.05595 ACC_MAE = 0.98427 ACC_RMSE = 0.95180
Epoch 49 	lr = 0.00010 Train Loss = 0.08027 Val Loss = 0.05832 ACC_MAE = 0.98359 ACC_RMSE = 0.95171
Epoch 50 	lr = 0.00010 Train Loss = 0.08452 Val Loss = 0.06001 ACC_MAE = 0.98312 ACC_RMSE = 0.95154
Epoch 51 	lr = 0.00010 Train Loss = 0.08463 Val Loss = 0.05934 ACC_MAE = 0.98331 ACC_RMSE = 0.95162
Epoch 52 	lr = 0.00010 Train Loss = 0.08336 Val Loss = 0.05787 ACC_MAE = 0.98370 ACC_RMSE = 0.95180
Epoch 53 	lr = 0.00010 Train Loss = 0.08317 Val Loss = 0.05689 ACC_MAE = 0.98402 ACC_RMSE = 0.95180
Epoch 54 	lr = 0.00010 Train Loss = 0.08375 Val Loss = 0.05643 ACC_MAE = 0.98413 ACC_RMSE = 0.95185
Epoch 55 	lr = 0.00010 Train Loss = 0.08342 Val Loss = 0.05853 ACC_MAE = 0.98355 ACC_RMSE = 0.95163
Epoch 56 	lr = 0.00010 Train Loss = 0.08444 Val Loss = 0.06195 ACC_MAE = 0.98253 ACC_RMSE = 0.95158
Epoch 57 	lr = 0.00010 Train Loss = 0.08262 Val Loss = 0.05660 ACC_MAE = 0.98409 ACC_RMSE = 0.95176
Epoch 58 	lr = 0.00010 Train Loss = 0.08185 Val Loss = 0.06239 ACC_MAE = 0.98242 ACC_RMSE = 0.95151
Epoch 59 	lr = 0.00010 Train Loss = 0.08133 Val Loss = 0.05683 ACC_MAE = 0.98401 ACC_RMSE = 0.95179
Epoch 60 	lr = 0.00010 Train Loss = 0.08345 Val Loss = 0.06363 ACC_MAE = 0.98202 ACC_RMSE = 0.95148
Epoch 61 	lr = 0.00010 Train Loss = 0.08457 Val Loss = 0.05918 ACC_MAE = 0.98333 ACC_RMSE = 0.95165
Epoch 62 	lr = 0.00010 Train Loss = 0.08374 Val Loss = 0.05931 ACC_MAE = 0.98328 ACC_RMSE = 0.95170
Epoch 63 	lr = 0.00010 Train Loss = 0.08359 Val Loss = 0.05871 ACC_MAE = 0.98346 ACC_RMSE = 0.95166
Epoch 64 	lr = 0.00010 Train Loss = 0.08050 Val Loss = 0.06096 ACC_MAE = 0.98280 ACC_RMSE = 0.95166
Epoch 65 	lr = 0.00010 Train Loss = 0.08370 Val Loss = 0.05963 ACC_MAE = 0.98321 ACC_RMSE = 0.95165
Epoch 66 	lr = 0.00010 Train Loss = 0.08038 Val Loss = 0.05616 ACC_MAE = 0.98419 ACC_RMSE = 0.95181
Epoch 67 	lr = 0.00010 Train Loss = 0.08261 Val Loss = 0.05664 ACC_MAE = 0.98407 ACC_RMSE = 0.95176
Epoch 68 	lr = 0.00010 Train Loss = 0.08446 Val Loss = 0.06420 ACC_MAE = 0.98182 ACC_RMSE = 0.95148
Early stopping at epoch: 68
Best at epoch 48

Model checkpoint saved to: ../saved_models/DLinear/DLinear-SKIPPD-672-1-2026-05-30-21-10-20.pt
--------- Test ---------
All Steps (1-1) MAE = 0.60110, RMSE = 1.75573, ACC_MAE = 0.98003, ACC_RMSE = 0.94167
Inference time: 0.12 s
